<html>
<head>
<title>TestNG:  Add Ticket Test</title>
<link href="../testng.css" rel="stylesheet" type="text/css" />
<link href="../my-testng.css" rel="stylesheet" type="text/css" />

<style type="text/css">
.log { display: none;} 
.stack-trace { display: none;} 
</style>
<script type="text/javascript">
<!--
function flip(e) {
  current = e.style.display;
  if (current == 'block') {
    e.style.display = 'none';
    return 0;
  }
  else {
    e.style.display = 'block';
    return 1;
  }
}

function toggleBox(szDivId, elem, msg1, msg2)
{
  var res = -1;  if (document.getElementById) {
    res = flip(document.getElementById(szDivId));
  }
  else if (document.all) {
    // this is the way old msie versions work
    res = flip(document.all[szDivId]);
  }
  if(elem) {
    if(res == 0) elem.innerHTML = msg1; else elem.innerHTML = msg2;
  }

}

function toggleAllBoxes() {
  if (document.getElementsByTagName) {
    d = document.getElementsByTagName('div');
    for (i = 0; i < d.length; i++) {
      if (d[i].className == 'log') {
        flip(d[i]);
      }
    }
  }
}

// -->
</script>

</head>
<body>
<h2 align='center'>Add Ticket Test</h2><table border='1' align="center">
<tr>
<td>Tests passed/Failed/Skipped:</td><td>13/2/0</td>
</tr><tr>
<td>Started on:</td><td>Wed Dec 08 00:31:47 IST 2021</td>
</tr>
<tr><td>Total time:</td><td>1698 seconds (1698291 ms)</td>
</tr><tr>
<td>Included groups:</td><td></td>
</tr><tr>
<td>Excluded groups:</td><td></td>
</tr>
</table><p/>
<small><i>(Hover the method name to see the test class name)</i></small><p/>
<table width='100%' border='1' class='invocation-failed'>
<tr><td colspan='4' align='center'><b>FAILED TESTS</b></td></tr>
<tr><td><b>Test method</b></td>
<td width="30%"><b>Exception</b></td>
<td width="10%"><b>Time (seconds)</b></td>
<td><b>Instance</b></td>
</tr>
<tr>
<td title='testcases.TicketListingTest.verifyNotesFunctionality()'><b>verifyNotesFunctionality</b><br>Test class: testcases.TicketListingTest</td>
<td><div><pre>java.lang.AssertionError: successMessage
	at utils.WebBasePage.verifySuccessMessage(WebBasePage.java:363)
	at pageobjects.UpdateTicketPage.verifyEditNoteValidation(UpdateTicketPage.java:149)
	at action.UpdateTicketAction.verifyEditNotesFunctionality(UpdateTicketAction.java:74)
	at testcases.TicketListingTest.verifyNotesFunctionality(TicketListingTest.java:189)
	at java.base/java.util.ArrayList.forEach(ArrayList.java:1511)
... Removed 28 stack frames</pre></div><a href='#' onClick='toggleBox("stack-trace1133886531", this, "Click to show all stack frames", "Click to hide stack frames")'>Click to show all stack frames</a>
<div class='stack-trace' id='stack-trace1133886531'><pre>java.lang.AssertionError: successMessage
	at org.testng.Assert.fail(Assert.java:99)
	at utils.WebBasePage.verifySuccessMessage(WebBasePage.java:363)
	at pageobjects.UpdateTicketPage.verifyEditNoteValidation(UpdateTicketPage.java:149)
	at action.UpdateTicketAction.verifyEditNotesFunctionality(UpdateTicketAction.java:74)
	at testcases.TicketListingTest.verifyNotesFunctionality(TicketListingTest.java:189)
	at java.base/jdk.internal.reflect.NativeMethodAccessorImpl.invoke0(Native Method)
	at java.base/jdk.internal.reflect.NativeMethodAccessorImpl.invoke(NativeMethodAccessorImpl.java:78)
	at java.base/jdk.internal.reflect.DelegatingMethodAccessorImpl.invoke(DelegatingMethodAccessorImpl.java:43)
	at java.base/java.lang.reflect.Method.invoke(Method.java:567)
	at org.testng.internal.MethodInvocationHelper.invokeMethod(MethodInvocationHelper.java:133)
	at org.testng.internal.TestInvoker.invokeMethod(TestInvoker.java:598)
	at org.testng.internal.TestInvoker.invokeTestMethod(TestInvoker.java:173)
	at org.testng.internal.MethodRunner.runInSequence(MethodRunner.java:46)
	at org.testng.internal.TestInvoker$MethodInvocationAgent.invoke(TestInvoker.java:824)
	at org.testng.internal.TestInvoker.invokeTestMethods(TestInvoker.java:146)
	at org.testng.internal.TestMethodWorker.invokeTestMethods(TestMethodWorker.java:146)
	at org.testng.internal.TestMethodWorker.run(TestMethodWorker.java:128)
	at java.base/java.util.ArrayList.forEach(ArrayList.java:1511)
	at org.testng.TestRunner.privateRun(TestRunner.java:794)
	at org.testng.TestRunner.run(TestRunner.java:596)
	at org.testng.SuiteRunner.runTest(SuiteRunner.java:377)
	at org.testng.SuiteRunner.runSequentially(SuiteRunner.java:371)
	at org.testng.SuiteRunner.privateRun(SuiteRunner.java:332)
	at org.testng.SuiteRunner.run(SuiteRunner.java:276)
	at org.testng.SuiteRunnerWorker.runSuite(SuiteRunnerWorker.java:53)
	at org.testng.SuiteRunnerWorker.run(SuiteRunnerWorker.java:96)
	at org.testng.TestNG.runSuitesSequentially(TestNG.java:1212)
	at org.testng.TestNG.runSuitesLocally(TestNG.java:1134)
	at org.testng.TestNG.runSuites(TestNG.java:1063)
	at org.testng.TestNG.run(TestNG.java:1031)
	at org.testng.remote.AbstractRemoteTestNG.run(AbstractRemoteTestNG.java:115)
	at org.testng.remote.RemoteTestNG.initAndRun(RemoteTestNG.java:251)
	at org.testng.remote.RemoteTestNG.main(RemoteTestNG.java:77)
</pre></div></td>
<td>206</td>
<td>testcases.TicketListingTest@6bd61f98</td></tr>
<tr>
<td title='testcases.TicketListingTest.verifyFollowUpFunctionality()'><b>verifyFollowUpFunctionality</b><br>Test class: testcases.TicketListingTest</td>
<td><div><pre>java.lang.AssertionError: Date picker -  element not clickable
	at utils.WebBasePage.click(WebBasePage.java:84)
	at pageobjects.TicketListingPage.clickOnDatePicker(TicketListingPage.java:279)
	at action.TicketListingAction.verifyFollowUp(TicketListingAction.java:130)
	at testcases.TicketListingTest.verifyFollowUpFunctionality(TicketListingTest.java:118)
	at java.base/java.util.ArrayList.forEach(ArrayList.java:1511)
... Removed 28 stack frames</pre></div><a href='#' onClick='toggleBox("stack-trace1742810664", this, "Click to show all stack frames", "Click to hide stack frames")'>Click to show all stack frames</a>
<div class='stack-trace' id='stack-trace1742810664'><pre>java.lang.AssertionError: Date picker -  element not clickable
	at org.testng.Assert.fail(Assert.java:99)
	at utils.WebBasePage.click(WebBasePage.java:84)
	at pageobjects.TicketListingPage.clickOnDatePicker(TicketListingPage.java:279)
	at action.TicketListingAction.verifyFollowUp(TicketListingAction.java:130)
	at testcases.TicketListingTest.verifyFollowUpFunctionality(TicketListingTest.java:118)
	at java.base/jdk.internal.reflect.NativeMethodAccessorImpl.invoke0(Native Method)
	at java.base/jdk.internal.reflect.NativeMethodAccessorImpl.invoke(NativeMethodAccessorImpl.java:78)
	at java.base/jdk.internal.reflect.DelegatingMethodAccessorImpl.invoke(DelegatingMethodAccessorImpl.java:43)
	at java.base/java.lang.reflect.Method.invoke(Method.java:567)
	at org.testng.internal.MethodInvocationHelper.invokeMethod(MethodInvocationHelper.java:133)
	at org.testng.internal.TestInvoker.invokeMethod(TestInvoker.java:598)
	at org.testng.internal.TestInvoker.invokeTestMethod(TestInvoker.java:173)
	at org.testng.internal.MethodRunner.runInSequence(MethodRunner.java:46)
	at org.testng.internal.TestInvoker$MethodInvocationAgent.invoke(TestInvoker.java:824)
	at org.testng.internal.TestInvoker.invokeTestMethods(TestInvoker.java:146)
	at org.testng.internal.TestMethodWorker.invokeTestMethods(TestMethodWorker.java:146)
	at org.testng.internal.TestMethodWorker.run(TestMethodWorker.java:128)
	at java.base/java.util.ArrayList.forEach(ArrayList.java:1511)
	at org.testng.TestRunner.privateRun(TestRunner.java:794)
	at org.testng.TestRunner.run(TestRunner.java:596)
	at org.testng.SuiteRunner.runTest(SuiteRunner.java:377)
	at org.testng.SuiteRunner.runSequentially(SuiteRunner.java:371)
	at org.testng.SuiteRunner.privateRun(SuiteRunner.java:332)
	at org.testng.SuiteRunner.run(SuiteRunner.java:276)
	at org.testng.SuiteRunnerWorker.runSuite(SuiteRunnerWorker.java:53)
	at org.testng.SuiteRunnerWorker.run(SuiteRunnerWorker.java:96)
	at org.testng.TestNG.runSuitesSequentially(TestNG.java:1212)
	at org.testng.TestNG.runSuitesLocally(TestNG.java:1134)
	at org.testng.TestNG.runSuites(TestNG.java:1063)
	at org.testng.TestNG.run(TestNG.java:1031)
	at org.testng.remote.AbstractRemoteTestNG.run(AbstractRemoteTestNG.java:115)
	at org.testng.remote.RemoteTestNG.initAndRun(RemoteTestNG.java:251)
	at org.testng.remote.RemoteTestNG.main(RemoteTestNG.java:77)
</pre></div></td>
<td>203</td>
<td>testcases.TicketListingTest@6bd61f98</td></tr>
</table><p>
<table width='100%' border='1' class='invocation-passed'>
<tr><td colspan='4' align='center'><b>PASSED TESTS</b></td></tr>
<tr><td><b>Test method</b></td>
<td width="30%"><b>Exception</b></td>
<td width="10%"><b>Time (seconds)</b></td>
<td><b>Instance</b></td>
</tr>
<tr>
<td title='testcases.TicketListingTest.verifyExpandCollapseFeature()'><b>verifyExpandCollapseFeature</b><br>Test class: testcases.TicketListingTest</td>
<td></td>
<td>36</td>
<td>testcases.TicketListingTest@6bd61f98</td></tr>
<tr>
<td title='testcases.TicketListingTest.verifyUnassignedTicketWidget()'><b>verifyUnassignedTicketWidget</b><br>Test class: testcases.TicketListingTest</td>
<td></td>
<td>47</td>
<td>testcases.TicketListingTest@6bd61f98</td></tr>
<tr>
<td title='testcases.TicketListingTest.verifyMergeButtonFunctionality()'><b>verifyMergeButtonFunctionality</b><br>Test class: testcases.TicketListingTest</td>
<td></td>
<td>46</td>
<td>testcases.TicketListingTest@6bd61f98</td></tr>
<tr>
<td title='testcases.TicketListingTest.verifyDeleteTicketFunctionality()'><b>verifyDeleteTicketFunctionality</b><br>Test class: testcases.TicketListingTest</td>
<td></td>
<td>214</td>
<td>testcases.TicketListingTest@6bd61f98</td></tr>
<tr>
<td title='testcases.TicketListingTest.verifyAttachmentTabFunctionality()'><b>verifyAttachmentTabFunctionality</b><br>Test class: testcases.TicketListingTest</td>
<td></td>
<td>144</td>
<td>testcases.TicketListingTest@6bd61f98</td></tr>
<tr>
<td title='testcases.TicketListingTest.verifyWidgetsFunctionality()'><b>verifyWidgetsFunctionality</b><br>Test class: testcases.TicketListingTest</td>
<td></td>
<td>42</td>
<td>testcases.TicketListingTest@6bd61f98</td></tr>
<tr>
<td title='testcases.TicketListingTest.verifyUrlOnClickingBreadCrumb()'><b>verifyUrlOnClickingBreadCrumb</b><br>Test class: testcases.TicketListingTest</td>
<td></td>
<td>35</td>
<td>testcases.TicketListingTest@6bd61f98</td></tr>
<tr>
<td title='testcases.TicketListingTest.verifyCannedReplyFunctionality()'><b>verifyCannedReplyFunctionality</b><br>Test class: testcases.TicketListingTest</td>
<td></td>
<td>138</td>
<td>testcases.TicketListingTest@6bd61f98</td></tr>
<tr>
<td title='testcases.TicketListingTest.verifyResetButtonFunctionality()'><b>verifyResetButtonFunctionality</b><br>Test class: testcases.TicketListingTest</td>
<td></td>
<td>175</td>
<td>testcases.TicketListingTest@6bd61f98</td></tr>
<tr>
<td title='testcases.AddTicketTest.addTicket()'><b>addTicket</b><br>Test class: testcases.AddTicketTest</td>
<td></td>
<td>77</td>
<td>testcases.AddTicketTest@4efac082</td></tr>
<tr>
<td title='testcases.TicketListingTest.verifyReplyCount()'><b>verifyReplyCount</b><br>Test class: testcases.TicketListingTest</td>
<td></td>
<td>109</td>
<td>testcases.TicketListingTest@6bd61f98</td></tr>
<tr>
<td title='testcases.TicketListingTest.verifyUpdateTicketFunctionality()'><b>verifyUpdateTicketFunctionality</b><br>Test class: testcases.TicketListingTest</td>
<td></td>
<td>57</td>
<td>testcases.TicketListingTest@6bd61f98</td></tr>
<tr>
<td title='testcases.TicketListingTest.verifyDraftReplyFunctionality()'><b>verifyDraftReplyFunctionality</b><br>Test class: testcases.TicketListingTest</td>
<td></td>
<td>143</td>
<td>testcases.TicketListingTest@6bd61f98</td></tr>
</table><p>
</body>
</html>