<?xml version="1.0" encoding="UTF-8"?>
<!-- Generated by org.testng.reporters.JUnitXMLReporter -->
<testsuite ignored="13" hostname="COG-SYS-053" failures="2" tests="15" name="Add Ticket Test" time="1698.291" errors="0" timestamp="2021-12-08T01:00:06 IST">
  <testcase classname="testcases.AddTicketTest" name="addTicket" time="77.906"/>
  <testcase classname="testcases.TicketListingTest" name="verifyUrlOnClickingBreadCrumb" time="35.848"/>
  <testcase classname="testcases.TicketListingTest" name="verifyResetButtonFunctionality" time="175.086"/>
  <testcase classname="testcases.TicketListingTest" name="verifyExpandCollapseFeature" time="36.836"/>
  <testcase classname="testcases.TicketListingTest" name="verifyUnassignedTicketWidget" time="47.372"/>
  <testcase classname="testcases.TicketListingTest" name="verifyReplyCount" time="109.351"/>
  <testcase classname="testcases.TicketListingTest" name="verifyFollowUpFunctionality" time="203.67">
    <failure type="java.lang.AssertionError" message="Date picker -  element not clickable">
      <![CDATA[java.lang.AssertionError: Date picker -  element not clickable
at utils.WebBasePage.click(WebBasePage.java:84)
at pageobjects.TicketListingPage.clickOnDatePicker(TicketListingPage.java:279)
at action.TicketListingAction.verifyFollowUp(TicketListingAction.java:130)
at testcases.TicketListingTest.verifyFollowUpFunctionality(TicketListingTest.java:118)
at java.base/java.util.ArrayList.forEach(ArrayList.java:1511)
... Removed 28 stack frames]]>
    </failure>
  </testcase> <!-- verifyFollowUpFunctionality -->
  <testcase classname="testcases.TicketListingTest" name="verifyMergeButtonFunctionality" time="46.636"/>
  <testcase classname="testcases.TicketListingTest" name="verifyUpdateTicketFunctionality" time="57.962"/>
  <testcase classname="testcases.TicketListingTest" name="verifyDeleteTicketFunctionality" time="214.459"/>
  <testcase classname="testcases.TicketListingTest" name="verifyNotesFunctionality" time="206.29">
    <failure type="java.lang.AssertionError" message="successMessage">
      <![CDATA[java.lang.AssertionError: successMessage
at utils.WebBasePage.verifySuccessMessage(WebBasePage.java:363)
at pageobjects.UpdateTicketPage.verifyEditNoteValidation(UpdateTicketPage.java:149)
at action.UpdateTicketAction.verifyEditNotesFunctionality(UpdateTicketAction.java:74)
at testcases.TicketListingTest.verifyNotesFunctionality(TicketListingTest.java:189)
at java.base/java.util.ArrayList.forEach(ArrayList.java:1511)
... Removed 28 stack frames]]>
    </failure>
  </testcase> <!-- verifyNotesFunctionality -->
  <testcase classname="testcases.TicketListingTest" name="verifyAttachmentTabFunctionality" time="144.365"/>
  <testcase classname="testcases.TicketListingTest" name="verifyWidgetsFunctionality" time="42.334"/>
  <testcase classname="testcases.TicketListingTest" name="verifyCannedReplyFunctionality" time="138.594"/>
  <testcase classname="testcases.TicketListingTest" name="verifyDraftReplyFunctionality" time="143.586"/>
  <testcase classname="testcases.AddTicketTest" name="verifyFontOfUserGuide" time="0.0">
    <ignored/>
  </testcase> <!-- verifyFontOfUserGuide -->
  <testcase classname="testcases.AddTicketTest" name="verifyProductDropDown" time="0.0">
    <ignored/>
  </testcase> <!-- verifyProductDropDown -->
  <testcase classname="testcases.AddTicketTest" name="verifyTicketForRadioButtons" time="0.0">
    <ignored/>
  </testcase> <!-- verifyTicketForRadioButtons -->
  <testcase classname="testcases.AddTicketTest" name="verifyValidationOnClientsField" time="0.0">
    <ignored/>
  </testcase> <!-- verifyValidationOnClientsField -->
  <testcase classname="utils.WebTestBase" name="@AfterSuite close" time="0.0">
    <ignored/>
  </testcase> <!-- @AfterSuite close -->
  <testcase classname="testcases.AddTicketTest" name="verifyValidations" time="0.0">
    <ignored/>
  </testcase> <!-- verifyValidations -->
  <testcase classname="testcases.AddTicketTest" name="verifyTwoRadioButtons" time="0.0">
    <ignored/>
  </testcase> <!-- verifyTwoRadioButtons -->
  <testcase classname="testcases.AddTicketTest" name="addOwnTickets" time="0.0">
    <ignored/>
  </testcase> <!-- addOwnTickets -->
  <testcase classname="testcases.AddTicketTest" name="verifyValidationForEmptyUser" time="0.0">
    <ignored/>
  </testcase> <!-- verifyValidationForEmptyUser -->
  <testcase classname="testcases.AddTicketTest" name="verifyTicketCategoryDropdown" time="0.0">
    <ignored/>
  </testcase> <!-- verifyTicketCategoryDropdown -->
  <testcase classname="testcases.AddTicketTest" name="verifyNoValidations" time="0.0">
    <ignored/>
  </testcase> <!-- verifyNoValidations -->
  <testcase classname="testcases.AddTicketTest" name="verifyCharctersInDescriptionField" time="0.0">
    <ignored/>
  </testcase> <!-- verifyCharctersInDescriptionField -->
  <testcase classname="testcases.AddTicketTest" name="checkAddMoreFunctionality" time="0.0">
    <ignored/>
  </testcase> <!-- checkAddMoreFunctionality -->
</testsuite> <!-- Add Ticket Test -->
