<?xml version="1.0" encoding="UTF-8"?>
<!-- Generated by org.testng.reporters.JUnitXMLReporter -->
<testsuite ignored="12" hostname="COG-SYS-053" failures="1" tests="1" name="Add SLA Test" time="154.464" errors="0" timestamp="2021-12-08T22:24:53 IST">
  <testcase classname="testcases.AddSLA" name="addTicketForSLA" time="144.332">
    <failure type="java.lang.AssertionError" message="java.lang.NullPointerException: Cannot invoke &amp;quot;org.openqa.selenium.WebElement.getAttribute(String)&amp;quot; because &amp;quot;ele&amp;quot; is null">
      <![CDATA[java.lang.AssertionError: java.lang.NullPointerException: Cannot invoke "org.openqa.selenium.WebElement.getAttribute(String)" because "ele" is null
at utils.WebBasePage.getAtribute(WebBasePage.java:200)
at pageobjects.TicketListingPage.mouseHover(TicketListingPage.java:705)
at action.TicketListingAction.verifySLATooltip(TicketListingAction.java:182)
at testcases.AddSLA.addTicketForSLA(AddSLA.java:29)
at java.base/java.util.ArrayList.forEach(ArrayList.java:1511)
... Removed 28 stack frames]]>
    </failure>
  </testcase> <!-- addTicketForSLA -->
  <testcase classname="testcases.SLATest" name="verifyBooleanFunctionality" time="0.0">
    <ignored/>
  </testcase> <!-- verifyBooleanFunctionality -->
  <testcase classname="testcases.SLATest" name="verifyDepartmentCategoryFunctionality" time="0.0">
    <ignored/>
  </testcase> <!-- verifyDepartmentCategoryFunctionality -->
  <testcase classname="testcases.SLATest" name="verifyProductCategoryFunctionality" time="0.0">
    <ignored/>
  </testcase> <!-- verifyProductCategoryFunctionality -->
  <testcase classname="testcases.SLATest" name="verifyPolicyDatePickerFunctionality" time="0.0">
    <ignored/>
  </testcase> <!-- verifyPolicyDatePickerFunctionality -->
  <testcase classname="testcases.SLATest" name="VerifyCharactersValidation" time="0.0">
    <ignored/>
  </testcase> <!-- VerifyCharactersValidation -->
  <testcase classname="testcases.SLATest" name="verifyMandatoryValidation" time="0.0">
    <ignored/>
  </testcase> <!-- verifyMandatoryValidation -->
  <testcase classname="testcases.SLATest" name="verifyBooleanSaveButtonFunctionality" time="0.0">
    <ignored/>
  </testcase> <!-- verifyBooleanSaveButtonFunctionality -->
  <testcase classname="testcases.SLATest" name="verifyClientCategoryFunctionality" time="0.0">
    <ignored/>
  </testcase> <!-- verifyClientCategoryFunctionality -->
  <testcase classname="testcases.SLATest" name="verifyDeleteButtonFunctionality" time="0.0">
    <ignored/>
  </testcase> <!-- verifyDeleteButtonFunctionality -->
  <testcase classname="testcases.SLATest" name="verifyResolveTimeValidations" time="0.0">
    <ignored/>
  </testcase> <!-- verifyResolveTimeValidations -->
  <testcase classname="utils.WebTestBase" name="@AfterSuite close" time="0.0">
    <ignored/>
  </testcase> <!-- @AfterSuite close -->
  <testcase classname="testcases.SLATest" name="verifyResponseTimeValidations" time="0.0">
    <ignored/>
  </testcase> <!-- verifyResponseTimeValidations -->
</testsuite> <!-- Add SLA Test -->
