<?xml version="1.0" encoding="UTF-8"?>
<!-- Generated by org.testng.reporters.JUnitXMLReporter -->
<testsuite ignored="1" hostname="COG-SYS-053" failures="3" tests="27" name="Add Ticket and Ticket Listing" time="2762.859" errors="0" timestamp="2021-11-23T23:18:00 IST">
  <testcase classname="testcases.AddTicketTest" name="verifyTicketCategoryDropdown" time="37.925"/>
  <testcase classname="testcases.AddTicketTest" name="verifyValidations" time="34.058"/>
  <testcase classname="testcases.AddTicketTest" name="verifyTicketForRadioButtons" time="31.117"/>
  <testcase classname="testcases.AddTicketTest" name="verifyProductDropDown" time="37.278"/>
  <testcase classname="testcases.AddTicketTest" name="verifyNoValidations" time="33.501"/>
  <testcase classname="testcases.AddTicketTest" name="verifyTwoRadioButtons" time="42.612"/>
  <testcase classname="testcases.AddTicketTest" name="addOwnTickets" time="121.423"/>
  <testcase classname="testcases.AddTicketTest" name="verifyValidationForEmptyUser" time="104.986"/>
  <testcase classname="testcases.AddTicketTest" name="verifyValidationOnClientsField" time="35.556"/>
  <testcase classname="testcases.AddTicketTest" name="checkAddMoreFunctionality" time="38.626"/>
  <testcase classname="testcases.AddTicketTest" name="verifyCharctersInDescriptionField" time="59.923"/>
  <testcase classname="testcases.AddTicketTest" name="verifyFontOfUserGuide" time="35.113"/>
  <testcase classname="testcases.AddTicketTest" name="addTicket" time="136.857"/>
  <testcase classname="testcases.TicketListingTest" name="verifyUrlOnClickingBreadCrumb" time="28.161"/>
  <testcase classname="testcases.TicketListingTest" name="verifyResetButtonFunctionality" time="231.268">
    <failure type="java.lang.AssertionError" message="successMessage">
      <![CDATA[java.lang.AssertionError: successMessage
at utils.WebBasePage.verifySuccessMessage(WebBasePage.java:363)
at pageobjects.UpdateTicketPage.verifyClaimSuccessMessage(UpdateTicketPage.java:189)
at action.UpdateTicketAction.checkfunctionalityOfClaimButton(UpdateTicketAction.java:37)
at testcases.TicketListingTest.verifyResetButtonFunctionality(TicketListingTest.java:51)
at java.base/java.util.ArrayList.forEach(ArrayList.java:1511)
... Removed 28 stack frames]]>
    </failure>
  </testcase> <!-- verifyResetButtonFunctionality -->
  <testcase classname="testcases.TicketListingTest" name="verifyExpandCollapseFeature" time="40.563"/>
  <testcase classname="testcases.TicketListingTest" name="verifyUnassignedTicketWidget" time="43.237"/>
  <testcase classname="testcases.TicketListingTest" name="verifyReplyCount" time="210.389"/>
  <testcase classname="testcases.TicketListingTest" name="verifyFollowUpFunctionality" time="190.533">
    <failure type="java.lang.AssertionError" message="Date picker -  element not clickable">
      <![CDATA[java.lang.AssertionError: Date picker -  element not clickable
at utils.WebBasePage.click(WebBasePage.java:84)
at pageobjects.TicketListingPage.clickOnDatePicker(TicketListingPage.java:279)
at action.TicketListingAction.verifyFollowUp(TicketListingAction.java:130)
at testcases.TicketListingTest.verifyFollowUpFunctionality(TicketListingTest.java:121)
at java.base/java.util.ArrayList.forEach(ArrayList.java:1511)
... Removed 28 stack frames]]>
    </failure>
  </testcase> <!-- verifyFollowUpFunctionality -->
  <testcase classname="testcases.TicketListingTest" name="verifyMergeButtonFunctionality" time="62.504"/>
  <testcase classname="testcases.TicketListingTest" name="verifyUpdateTicketFunctionality" time="200.113"/>
  <testcase classname="testcases.TicketListingTest" name="verifyDeleteTicketFunctionality" time="283.321"/>
  <testcase classname="testcases.TicketListingTest" name="verifyNotesFunctionality" time="201.462">
    <failure type="java.lang.AssertionError" message="successMessage">
      <![CDATA[java.lang.AssertionError: successMessage
at utils.WebBasePage.verifySuccessMessage(WebBasePage.java:363)
at pageobjects.UpdateTicketPage.verifyNotesSuccessMessage(UpdateTicketPage.java:130)
at action.UpdateTicketAction.verifyAddNotesFunctionality(UpdateTicketAction.java:65)
at testcases.TicketListingTest.verifyNotesFunctionality(TicketListingTest.java:191)
at java.base/java.util.ArrayList.forEach(ArrayList.java:1511)
... Removed 28 stack frames]]>
    </failure>
  </testcase> <!-- verifyNotesFunctionality -->
  <testcase classname="testcases.TicketListingTest" name="verifyAttachmentTabFunctionality" time="150.387"/>
  <testcase classname="testcases.TicketListingTest" name="verifyWidgetsFunctionality" time="41.136"/>
  <testcase classname="testcases.TicketListingTest" name="verifyCannedReplyFunctionality" time="157.884"/>
  <testcase classname="testcases.TicketListingTest" name="verifyDraftReplyFunctionality" time="154.522"/>
  <testcase classname="utils.WebTestBase" name="@AfterSuite close" time="0.0">
    <ignored/>
  </testcase> <!-- @AfterSuite close -->
</testsuite> <!-- Add Ticket and Ticket Listing -->
