<?xml version="1.0" encoding="UTF-8"?>
<!-- Generated by org.testng.reporters.JUnitXMLReporter -->
<testsuite ignored="27" hostname="COG-SYS-053" failures="0" tests="3" name="SLA flow Test" time="3.712" errors="0" timestamp="2021-11-18T20:39:28 IST">
  <testcase classname="utils.WebTestBase" name="@BeforeClass setUp" time="1.48">
    <failure type="org.openqa.selenium.SessionNotCreatedException" message="session not created: This version of ChromeDriver only supports Chrome version 93
Current browser version is 95.0.4638.69 with binary path C:\Program Files\Google\Chrome\Application\chrome.exe
Build info: version: &amp;apos;3.141.59&amp;apos;, revision: &amp;apos;e82be7d358&amp;apos;, time: &amp;apos;2018-11-14T08:17:03&amp;apos;
System info: host: &amp;apos;COG-SYS-053&amp;apos;, ip: &amp;apos;192.168.0.167&amp;apos;, os.name: &amp;apos;Windows 10&amp;apos;, os.arch: &amp;apos;amd64&amp;apos;, os.version: &amp;apos;10.0&amp;apos;, java.version: &amp;apos;16.0.2&amp;apos;
Driver info: driver.version: ChromeDriver
remote stacktrace: Backtrace:
	Ordinal0 [0x008EA2D3+2663123]
	Ordinal0 [0x0087A491+2204817]
	Ordinal0 [0x00762118+1057048]
	Ordinal0 [0x0078041A+1180698]
	Ordinal0 [0x0077C335+1164085]
	Ordinal0 [0x00779B7F+1153919]
	Ordinal0 [0x007A9D8F+1351055]
	Ordinal0 [0x007A99FA+1350138]
	Ordinal0 [0x007A589B+1333403]
	Ordinal0 [0x00781F74+1187700]
	Ordinal0 [0x00782DC9+1191369]
	GetHandleVerifier [0x00A830D6+1610054]
	GetHandleVerifier [0x00B2B53B+2299307]
	GetHandleVerifier [0x00978DA9+519705]
	GetHandleVerifier [0x00977759+513993]
	Ordinal0 [0x0088112D+2232621]
	Ordinal0 [0x008855F8+2250232]
	Ordinal0 [0x00885732+2250546]
	Ordinal0 [0x0088E591+2286993]
	BaseThreadInitThunk [0x7506FA29+25]
	RtlGetAppContainerNamedObjectPath [0x77007A9E+286]
	RtlGetAppContainerNamedObjectPath [0x77007A6E+238]
">
      <![CDATA[org.openqa.selenium.SessionNotCreatedException: session not created: This version of ChromeDriver only supports Chrome version 93
Current browser version is 95.0.4638.69 with binary path C:\Program Files\Google\Chrome\Application\chrome.exe
Build info: version: '3.141.59', revision: 'e82be7d358', time: '2018-11-14T08:17:03'
System info: host: 'COG-SYS-053', ip: '192.168.0.167', os.name: 'Windows 10', os.arch: 'amd64', os.version: '10.0', java.version: '16.0.2'
Driver info: driver.version: ChromeDriver
remote stacktrace: Backtrace:
Ordinal0 [0x008EA2D3+2663123]
Ordinal0 [0x0087A491+2204817]
Ordinal0 [0x00762118+1057048]
Ordinal0 [0x0078041A+1180698]
Ordinal0 [0x0077C335+1164085]
Ordinal0 [0x00779B7F+1153919]
Ordinal0 [0x007A9D8F+1351055]
Ordinal0 [0x007A99FA+1350138]
Ordinal0 [0x007A589B+1333403]
Ordinal0 [0x00781F74+1187700]
Ordinal0 [0x00782DC9+1191369]
GetHandleVerifier [0x00A830D6+1610054]
GetHandleVerifier [0x00B2B53B+2299307]
GetHandleVerifier [0x00978DA9+519705]
GetHandleVerifier [0x00977759+513993]
Ordinal0 [0x0088112D+2232621]
Ordinal0 [0x008855F8+2250232]
Ordinal0 [0x00885732+2250546]
Ordinal0 [0x0088E591+2286993]
BaseThreadInitThunk [0x7506FA29+25]
RtlGetAppContainerNamedObjectPath [0x77007A9E+286]
RtlGetAppContainerNamedObjectPath [0x77007A6E+238]

at org.openqa.selenium.remote.W3CHandshakeResponse.lambda$errorHandler$0(W3CHandshakeResponse.java:62)
at org.openqa.selenium.remote.HandshakeResponse.lambda$getResponseFunction$0(HandshakeResponse.java:30)
at org.openqa.selenium.remote.ProtocolHandshake.lambda$createSession$0(ProtocolHandshake.java:126)
at java.base/java.util.stream.ReferencePipeline$3$1.accept(ReferencePipeline.java:197)
at java.base/java.util.Spliterators$ArraySpliterator.tryAdvance(Spliterators.java:958)
at java.base/java.util.stream.ReferencePipeline.forEachWithCancel(ReferencePipeline.java:129)
at java.base/java.util.stream.AbstractPipeline.copyIntoWithCancel(AbstractPipeline.java:502)
at java.base/java.util.stream.AbstractPipeline.copyInto(AbstractPipeline.java:488)
at java.base/java.util.stream.AbstractPipeline.wrapAndCopyInto(AbstractPipeline.java:474)
at java.base/java.util.stream.FindOps$FindOp.evaluateSequential(FindOps.java:150)
at java.base/java.util.stream.AbstractPipeline.evaluate(AbstractPipeline.java:234)
at java.base/java.util.stream.ReferencePipeline.findFirst(ReferencePipeline.java:647)
at org.openqa.selenium.remote.ProtocolHandshake.createSession(ProtocolHandshake.java:128)
at org.openqa.selenium.remote.ProtocolHandshake.createSession(ProtocolHandshake.java:74)
at org.openqa.selenium.remote.HttpCommandExecutor.execute(HttpCommandExecutor.java:136)
at org.openqa.selenium.remote.service.DriverCommandExecutor.execute(DriverCommandExecutor.java:83)
at org.openqa.selenium.remote.RemoteWebDriver.execute(RemoteWebDriver.java:552)
at org.openqa.selenium.remote.RemoteWebDriver.startSession(RemoteWebDriver.java:213)
at org.openqa.selenium.remote.RemoteWebDriver.<init>(RemoteWebDriver.java:131)
at org.openqa.selenium.chrome.ChromeDriver.<init>(ChromeDriver.java:181)
at org.openqa.selenium.chrome.ChromeDriver.<init>(ChromeDriver.java:168)
at org.openqa.selenium.chrome.ChromeDriver.<init>(ChromeDriver.java:123)
at utils.Drivers.getWebDriver(Drivers.java:90)
at utils.WebTestBase.setUp(WebTestBase.java:61)
at java.base/java.util.ArrayList.forEach(ArrayList.java:1511)
... Removed 30 stack frames]]>
    </failure>
  </testcase> <!-- @BeforeClass setUp -->
  <testcase classname="utils.WebTestBase" name="@BeforeMethod beforeMethod" time="-1.637248166552E9">
    <skipped/>
  </testcase> <!-- @BeforeMethod beforeMethod -->
  <testcase classname="utils.WebTestBase" name="@AfterMethod reportWrapUp" time="0.04">
    <failure type="java.lang.NullPointerException" message="Cannot invoke &amp;quot;org.openqa.selenium.TakesScreenshot.getScreenshotAs(org.openqa.selenium.OutputType)&amp;quot; because &amp;quot;utils.WebTestBase.driver&amp;quot; is null">
      <![CDATA[java.lang.NullPointerException: Cannot invoke "org.openqa.selenium.TakesScreenshot.getScreenshotAs(org.openqa.selenium.OutputType)" because "utils.WebTestBase.driver" is null
at utils.WebTestBase.reportWrapUp(WebTestBase.java:85)
at java.base/java.util.ArrayList.forEach(ArrayList.java:1511)
... Removed 32 stack frames]]>
    </failure>
  </testcase> <!-- @AfterMethod reportWrapUp -->
  <testcase classname="utils.WebTestBase" name="@BeforeClass setUp" time="1.006">
    <failure type="org.openqa.selenium.SessionNotCreatedException" message="session not created: This version of ChromeDriver only supports Chrome version 93
Current browser version is 95.0.4638.69 with binary path C:\Program Files\Google\Chrome\Application\chrome.exe
Build info: version: &amp;apos;3.141.59&amp;apos;, revision: &amp;apos;e82be7d358&amp;apos;, time: &amp;apos;2018-11-14T08:17:03&amp;apos;
System info: host: &amp;apos;COG-SYS-053&amp;apos;, ip: &amp;apos;192.168.0.167&amp;apos;, os.name: &amp;apos;Windows 10&amp;apos;, os.arch: &amp;apos;amd64&amp;apos;, os.version: &amp;apos;10.0&amp;apos;, java.version: &amp;apos;16.0.2&amp;apos;
Driver info: driver.version: ChromeDriver
remote stacktrace: Backtrace:
	Ordinal0 [0x008EA2D3+2663123]
	Ordinal0 [0x0087A491+2204817]
	Ordinal0 [0x00762118+1057048]
	Ordinal0 [0x0078041A+1180698]
	Ordinal0 [0x0077C335+1164085]
	Ordinal0 [0x00779B7F+1153919]
	Ordinal0 [0x007A9D8F+1351055]
	Ordinal0 [0x007A99FA+1350138]
	Ordinal0 [0x007A589B+1333403]
	Ordinal0 [0x00781F74+1187700]
	Ordinal0 [0x00782DC9+1191369]
	GetHandleVerifier [0x00A830D6+1610054]
	GetHandleVerifier [0x00B2B53B+2299307]
	GetHandleVerifier [0x00978DA9+519705]
	GetHandleVerifier [0x00977759+513993]
	Ordinal0 [0x0088112D+2232621]
	Ordinal0 [0x008855F8+2250232]
	Ordinal0 [0x00885732+2250546]
	Ordinal0 [0x0088E591+2286993]
	BaseThreadInitThunk [0x7506FA29+25]
	RtlGetAppContainerNamedObjectPath [0x77007A9E+286]
	RtlGetAppContainerNamedObjectPath [0x77007A6E+238]
">
      <![CDATA[org.openqa.selenium.SessionNotCreatedException: session not created: This version of ChromeDriver only supports Chrome version 93
Current browser version is 95.0.4638.69 with binary path C:\Program Files\Google\Chrome\Application\chrome.exe
Build info: version: '3.141.59', revision: 'e82be7d358', time: '2018-11-14T08:17:03'
System info: host: 'COG-SYS-053', ip: '192.168.0.167', os.name: 'Windows 10', os.arch: 'amd64', os.version: '10.0', java.version: '16.0.2'
Driver info: driver.version: ChromeDriver
remote stacktrace: Backtrace:
Ordinal0 [0x008EA2D3+2663123]
Ordinal0 [0x0087A491+2204817]
Ordinal0 [0x00762118+1057048]
Ordinal0 [0x0078041A+1180698]
Ordinal0 [0x0077C335+1164085]
Ordinal0 [0x00779B7F+1153919]
Ordinal0 [0x007A9D8F+1351055]
Ordinal0 [0x007A99FA+1350138]
Ordinal0 [0x007A589B+1333403]
Ordinal0 [0x00781F74+1187700]
Ordinal0 [0x00782DC9+1191369]
GetHandleVerifier [0x00A830D6+1610054]
GetHandleVerifier [0x00B2B53B+2299307]
GetHandleVerifier [0x00978DA9+519705]
GetHandleVerifier [0x00977759+513993]
Ordinal0 [0x0088112D+2232621]
Ordinal0 [0x008855F8+2250232]
Ordinal0 [0x00885732+2250546]
Ordinal0 [0x0088E591+2286993]
BaseThreadInitThunk [0x7506FA29+25]
RtlGetAppContainerNamedObjectPath [0x77007A9E+286]
RtlGetAppContainerNamedObjectPath [0x77007A6E+238]

at org.openqa.selenium.remote.W3CHandshakeResponse.lambda$errorHandler$0(W3CHandshakeResponse.java:62)
at org.openqa.selenium.remote.HandshakeResponse.lambda$getResponseFunction$0(HandshakeResponse.java:30)
at org.openqa.selenium.remote.ProtocolHandshake.lambda$createSession$0(ProtocolHandshake.java:126)
at java.base/java.util.stream.ReferencePipeline$3$1.accept(ReferencePipeline.java:197)
at java.base/java.util.Spliterators$ArraySpliterator.tryAdvance(Spliterators.java:958)
at java.base/java.util.stream.ReferencePipeline.forEachWithCancel(ReferencePipeline.java:129)
at java.base/java.util.stream.AbstractPipeline.copyIntoWithCancel(AbstractPipeline.java:502)
at java.base/java.util.stream.AbstractPipeline.copyInto(AbstractPipeline.java:488)
at java.base/java.util.stream.AbstractPipeline.wrapAndCopyInto(AbstractPipeline.java:474)
at java.base/java.util.stream.FindOps$FindOp.evaluateSequential(FindOps.java:150)
at java.base/java.util.stream.AbstractPipeline.evaluate(AbstractPipeline.java:234)
at java.base/java.util.stream.ReferencePipeline.findFirst(ReferencePipeline.java:647)
at org.openqa.selenium.remote.ProtocolHandshake.createSession(ProtocolHandshake.java:128)
at org.openqa.selenium.remote.ProtocolHandshake.createSession(ProtocolHandshake.java:74)
at org.openqa.selenium.remote.HttpCommandExecutor.execute(HttpCommandExecutor.java:136)
at org.openqa.selenium.remote.service.DriverCommandExecutor.execute(DriverCommandExecutor.java:83)
at org.openqa.selenium.remote.RemoteWebDriver.execute(RemoteWebDriver.java:552)
at org.openqa.selenium.remote.RemoteWebDriver.startSession(RemoteWebDriver.java:213)
at org.openqa.selenium.remote.RemoteWebDriver.<init>(RemoteWebDriver.java:131)
at org.openqa.selenium.chrome.ChromeDriver.<init>(ChromeDriver.java:181)
at org.openqa.selenium.chrome.ChromeDriver.<init>(ChromeDriver.java:168)
at org.openqa.selenium.chrome.ChromeDriver.<init>(ChromeDriver.java:123)
at utils.Drivers.getWebDriver(Drivers.java:90)
at utils.WebTestBase.setUp(WebTestBase.java:61)
at java.base/java.util.ArrayList.forEach(ArrayList.java:1511)
... Removed 30 stack frames]]>
    </failure>
  </testcase> <!-- @BeforeClass setUp -->
  <testcase classname="utils.WebTestBase" name="@BeforeMethod beforeMethod" time="-1.637248167615E9">
    <skipped/>
  </testcase> <!-- @BeforeMethod beforeMethod -->
  <testcase classname="utils.WebTestBase" name="@AfterMethod reportWrapUp" time="0.001">
    <failure type="java.lang.NullPointerException" message="Cannot invoke &amp;quot;org.openqa.selenium.TakesScreenshot.getScreenshotAs(org.openqa.selenium.OutputType)&amp;quot; because &amp;quot;utils.WebTestBase.driver&amp;quot; is null">
      <![CDATA[java.lang.NullPointerException: Cannot invoke "org.openqa.selenium.TakesScreenshot.getScreenshotAs(org.openqa.selenium.OutputType)" because "utils.WebTestBase.driver" is null
at utils.WebTestBase.reportWrapUp(WebTestBase.java:85)
at java.base/java.util.ArrayList.forEach(ArrayList.java:1511)
... Removed 32 stack frames]]>
    </failure>
  </testcase> <!-- @AfterMethod reportWrapUp -->
  <testcase classname="utils.WebTestBase" name="@BeforeClass setUp" time="1.098">
    <failure type="org.openqa.selenium.SessionNotCreatedException" message="session not created: This version of ChromeDriver only supports Chrome version 93
Current browser version is 95.0.4638.69 with binary path C:\Program Files\Google\Chrome\Application\chrome.exe
Build info: version: &amp;apos;3.141.59&amp;apos;, revision: &amp;apos;e82be7d358&amp;apos;, time: &amp;apos;2018-11-14T08:17:03&amp;apos;
System info: host: &amp;apos;COG-SYS-053&amp;apos;, ip: &amp;apos;192.168.0.167&amp;apos;, os.name: &amp;apos;Windows 10&amp;apos;, os.arch: &amp;apos;amd64&amp;apos;, os.version: &amp;apos;10.0&amp;apos;, java.version: &amp;apos;16.0.2&amp;apos;
Driver info: driver.version: ChromeDriver
remote stacktrace: Backtrace:
	Ordinal0 [0x008EA2D3+2663123]
	Ordinal0 [0x0087A491+2204817]
	Ordinal0 [0x00762118+1057048]
	Ordinal0 [0x0078041A+1180698]
	Ordinal0 [0x0077C335+1164085]
	Ordinal0 [0x00779B7F+1153919]
	Ordinal0 [0x007A9D8F+1351055]
	Ordinal0 [0x007A99FA+1350138]
	Ordinal0 [0x007A589B+1333403]
	Ordinal0 [0x00781F74+1187700]
	Ordinal0 [0x00782DC9+1191369]
	GetHandleVerifier [0x00A830D6+1610054]
	GetHandleVerifier [0x00B2B53B+2299307]
	GetHandleVerifier [0x00978DA9+519705]
	GetHandleVerifier [0x00977759+513993]
	Ordinal0 [0x0088112D+2232621]
	Ordinal0 [0x008855F8+2250232]
	Ordinal0 [0x00885732+2250546]
	Ordinal0 [0x0088E591+2286993]
	BaseThreadInitThunk [0x7506FA29+25]
	RtlGetAppContainerNamedObjectPath [0x77007A9E+286]
	RtlGetAppContainerNamedObjectPath [0x77007A6E+238]
">
      <![CDATA[org.openqa.selenium.SessionNotCreatedException: session not created: This version of ChromeDriver only supports Chrome version 93
Current browser version is 95.0.4638.69 with binary path C:\Program Files\Google\Chrome\Application\chrome.exe
Build info: version: '3.141.59', revision: 'e82be7d358', time: '2018-11-14T08:17:03'
System info: host: 'COG-SYS-053', ip: '192.168.0.167', os.name: 'Windows 10', os.arch: 'amd64', os.version: '10.0', java.version: '16.0.2'
Driver info: driver.version: ChromeDriver
remote stacktrace: Backtrace:
Ordinal0 [0x008EA2D3+2663123]
Ordinal0 [0x0087A491+2204817]
Ordinal0 [0x00762118+1057048]
Ordinal0 [0x0078041A+1180698]
Ordinal0 [0x0077C335+1164085]
Ordinal0 [0x00779B7F+1153919]
Ordinal0 [0x007A9D8F+1351055]
Ordinal0 [0x007A99FA+1350138]
Ordinal0 [0x007A589B+1333403]
Ordinal0 [0x00781F74+1187700]
Ordinal0 [0x00782DC9+1191369]
GetHandleVerifier [0x00A830D6+1610054]
GetHandleVerifier [0x00B2B53B+2299307]
GetHandleVerifier [0x00978DA9+519705]
GetHandleVerifier [0x00977759+513993]
Ordinal0 [0x0088112D+2232621]
Ordinal0 [0x008855F8+2250232]
Ordinal0 [0x00885732+2250546]
Ordinal0 [0x0088E591+2286993]
BaseThreadInitThunk [0x7506FA29+25]
RtlGetAppContainerNamedObjectPath [0x77007A9E+286]
RtlGetAppContainerNamedObjectPath [0x77007A6E+238]

at org.openqa.selenium.remote.W3CHandshakeResponse.lambda$errorHandler$0(W3CHandshakeResponse.java:62)
at org.openqa.selenium.remote.HandshakeResponse.lambda$getResponseFunction$0(HandshakeResponse.java:30)
at org.openqa.selenium.remote.ProtocolHandshake.lambda$createSession$0(ProtocolHandshake.java:126)
at java.base/java.util.stream.ReferencePipeline$3$1.accept(ReferencePipeline.java:197)
at java.base/java.util.Spliterators$ArraySpliterator.tryAdvance(Spliterators.java:958)
at java.base/java.util.stream.ReferencePipeline.forEachWithCancel(ReferencePipeline.java:129)
at java.base/java.util.stream.AbstractPipeline.copyIntoWithCancel(AbstractPipeline.java:502)
at java.base/java.util.stream.AbstractPipeline.copyInto(AbstractPipeline.java:488)
at java.base/java.util.stream.AbstractPipeline.wrapAndCopyInto(AbstractPipeline.java:474)
at java.base/java.util.stream.FindOps$FindOp.evaluateSequential(FindOps.java:150)
at java.base/java.util.stream.AbstractPipeline.evaluate(AbstractPipeline.java:234)
at java.base/java.util.stream.ReferencePipeline.findFirst(ReferencePipeline.java:647)
at org.openqa.selenium.remote.ProtocolHandshake.createSession(ProtocolHandshake.java:128)
at org.openqa.selenium.remote.ProtocolHandshake.createSession(ProtocolHandshake.java:74)
at org.openqa.selenium.remote.HttpCommandExecutor.execute(HttpCommandExecutor.java:136)
at org.openqa.selenium.remote.service.DriverCommandExecutor.execute(DriverCommandExecutor.java:83)
at org.openqa.selenium.remote.RemoteWebDriver.execute(RemoteWebDriver.java:552)
at org.openqa.selenium.remote.RemoteWebDriver.startSession(RemoteWebDriver.java:213)
at org.openqa.selenium.remote.RemoteWebDriver.<init>(RemoteWebDriver.java:131)
at org.openqa.selenium.chrome.ChromeDriver.<init>(ChromeDriver.java:181)
at org.openqa.selenium.chrome.ChromeDriver.<init>(ChromeDriver.java:168)
at org.openqa.selenium.chrome.ChromeDriver.<init>(ChromeDriver.java:123)
at utils.Drivers.getWebDriver(Drivers.java:90)
at utils.WebTestBase.setUp(WebTestBase.java:61)
at java.base/java.util.ArrayList.forEach(ArrayList.java:1511)
... Removed 30 stack frames]]>
    </failure>
  </testcase> <!-- @BeforeClass setUp -->
  <testcase classname="utils.WebTestBase" name="@BeforeMethod beforeMethod" time="-1.63724816873E9">
    <skipped/>
  </testcase> <!-- @BeforeMethod beforeMethod -->
  <testcase classname="utils.WebTestBase" name="@AfterMethod reportWrapUp" time="0.001">
    <failure type="java.lang.NullPointerException" message="Cannot invoke &amp;quot;org.openqa.selenium.TakesScreenshot.getScreenshotAs(org.openqa.selenium.OutputType)&amp;quot; because &amp;quot;utils.WebTestBase.driver&amp;quot; is null">
      <![CDATA[java.lang.NullPointerException: Cannot invoke "org.openqa.selenium.TakesScreenshot.getScreenshotAs(org.openqa.selenium.OutputType)" because "utils.WebTestBase.driver" is null
at utils.WebTestBase.reportWrapUp(WebTestBase.java:85)
at java.base/java.util.ArrayList.forEach(ArrayList.java:1511)
... Removed 32 stack frames]]>
    </failure>
  </testcase> <!-- @AfterMethod reportWrapUp -->
  <testcase classname="testcases.AddTicketTest" name="addTicket" time="0.0">
    <skipped/>
  </testcase> <!-- addTicket -->
  <testcase classname="testcases.SLATest" name="verifyAddSLA" time="0.0">
    <skipped/>
  </testcase> <!-- verifyAddSLA -->
  <testcase classname="testcases.AddSLA" name="addTicketForSLA" time="0.0">
    <skipped/>
  </testcase> <!-- addTicketForSLA -->
  <testcase classname="testcases.AddTicketTest" name="verifyFontOfUserGuide" time="0.0">
    <ignored/>
  </testcase> <!-- verifyFontOfUserGuide -->
  <testcase classname="testcases.AddTicketTest" name="verifyTicketForRadioButtons" time="0.0">
    <ignored/>
  </testcase> <!-- verifyTicketForRadioButtons -->
  <testcase classname="testcases.SLATest" name="verifyClientCategoryFunctionality" time="0.0">
    <ignored/>
  </testcase> <!-- verifyClientCategoryFunctionality -->
  <testcase classname="testcases.AddTicketTest" name="verifyValidationOnClientsField" time="0.0">
    <ignored/>
  </testcase> <!-- verifyValidationOnClientsField -->
  <testcase classname="testcases.SLATest" name="verifyDeleteButtonFunctionality" time="0.0">
    <ignored/>
  </testcase> <!-- verifyDeleteButtonFunctionality -->
  <testcase classname="utils.WebTestBase" name="@AfterSuite close" time="0.0">
    <ignored/>
  </testcase> <!-- @AfterSuite close -->
  <testcase classname="utils.WebTestBase" name="@AfterSuite close" time="0.0">
    <ignored/>
  </testcase> <!-- @AfterSuite close -->
  <testcase classname="testcases.AddTicketTest" name="verifyTwoRadioButtons" time="0.0">
    <ignored/>
  </testcase> <!-- verifyTwoRadioButtons -->
  <testcase classname="testcases.AddTicketTest" name="addOwnTickets" time="0.0">
    <ignored/>
  </testcase> <!-- addOwnTickets -->
  <testcase classname="testcases.SLATest" name="verifyDepartmentCategoryFunctionality" time="0.0">
    <ignored/>
  </testcase> <!-- verifyDepartmentCategoryFunctionality -->
  <testcase classname="testcases.SLATest" name="verifyBooleanSaveButtonFunctionality" time="0.0">
    <ignored/>
  </testcase> <!-- verifyBooleanSaveButtonFunctionality -->
  <testcase classname="testcases.AddTicketTest" name="verifyValidationForEmptyUser" time="0.0">
    <ignored/>
  </testcase> <!-- verifyValidationForEmptyUser -->
  <testcase classname="testcases.AddTicketTest" name="verifyTicketCategoryDropdown" time="0.0">
    <ignored/>
  </testcase> <!-- verifyTicketCategoryDropdown -->
  <testcase classname="testcases.AddTicketTest" name="verifyAssignToDeptDropDown" time="0.0">
    <ignored/>
  </testcase> <!-- verifyAssignToDeptDropDown -->
  <testcase classname="testcases.AddTicketTest" name="verifyNoValidations" time="0.0">
    <ignored/>
  </testcase> <!-- verifyNoValidations -->
  <testcase classname="testcases.AddTicketTest" name="verifyCharctersInDescriptionField" time="0.0">
    <ignored/>
  </testcase> <!-- verifyCharctersInDescriptionField -->
  <testcase classname="testcases.SLATest" name="verifyResponseTimeValidations" time="0.0">
    <ignored/>
  </testcase> <!-- verifyResponseTimeValidations -->
  <testcase classname="testcases.AddTicketTest" name="verifyProductDropDown" time="0.0">
    <ignored/>
  </testcase> <!-- verifyProductDropDown -->
  <testcase classname="testcases.SLATest" name="verifyProductCategoryFunctionality" time="0.0">
    <ignored/>
  </testcase> <!-- verifyProductCategoryFunctionality -->
  <testcase classname="testcases.SLATest" name="verifyPolicyDatePickerFunctionality" time="0.0">
    <ignored/>
  </testcase> <!-- verifyPolicyDatePickerFunctionality -->
  <testcase classname="testcases.AddTicketTest" name="verifyPriorityDeptDropDown" time="0.0">
    <ignored/>
  </testcase> <!-- verifyPriorityDeptDropDown -->
  <testcase classname="testcases.SLATest" name="VerifyCharactersValidation" time="0.0">
    <ignored/>
  </testcase> <!-- VerifyCharactersValidation -->
  <testcase classname="testcases.SLATest" name="verifyResolveTimeValidations" time="0.0">
    <ignored/>
  </testcase> <!-- verifyResolveTimeValidations -->
  <testcase classname="testcases.AddTicketTest" name="verifyValidations" time="0.0">
    <ignored/>
  </testcase> <!-- verifyValidations -->
  <testcase classname="testcases.SLATest" name="verifyBooleanFunctionality" time="0.0">
    <ignored/>
  </testcase> <!-- verifyBooleanFunctionality -->
  <testcase classname="testcases.SLATest" name="verifyMandatoryValidation" time="0.0">
    <ignored/>
  </testcase> <!-- verifyMandatoryValidation -->
  <testcase classname="testcases.AddTicketTest" name="checkAddMoreFunctionality" time="0.0">
    <ignored/>
  </testcase> <!-- checkAddMoreFunctionality -->
</testsuite> <!-- SLA flow Test -->
