<html>
<head>
<title>TestNG:  SLA All TestCases</title>
<link href="../testng.css" rel="stylesheet" type="text/css" />
<link href="../my-testng.css" rel="stylesheet" type="text/css" />

<style type="text/css">
.log { display: none;} 
.stack-trace { display: none;} 
</style>
<script type="text/javascript">
<!--
function flip(e) {
  current = e.style.display;
  if (current == 'block') {
    e.style.display = 'none';
    return 0;
  }
  else {
    e.style.display = 'block';
    return 1;
  }
}

function toggleBox(szDivId, elem, msg1, msg2)
{
  var res = -1;  if (document.getElementById) {
    res = flip(document.getElementById(szDivId));
  }
  else if (document.all) {
    // this is the way old msie versions work
    res = flip(document.all[szDivId]);
  }
  if(elem) {
    if(res == 0) elem.innerHTML = msg1; else elem.innerHTML = msg2;
  }

}

function toggleAllBoxes() {
  if (document.getElementsByTagName) {
    d = document.getElementsByTagName('div');
    for (i = 0; i < d.length; i++) {
      if (d[i].className == 'log') {
        flip(d[i]);
      }
    }
  }
}

// -->
</script>

</head>
<body>
<h2 align='center'>SLA All TestCases</h2><table border='1' align="center">
<tr>
<td>Tests passed/Failed/Skipped:</td><td>9/2/0</td>
</tr><tr>
<td>Started on:</td><td>Thu Dec 09 00:05:16 IST 2021</td>
</tr>
<tr><td>Total time:</td><td>706 seconds (706303 ms)</td>
</tr><tr>
<td>Included groups:</td><td></td>
</tr><tr>
<td>Excluded groups:</td><td></td>
</tr>
</table><p/>
<small><i>(Hover the method name to see the test class name)</i></small><p/>
<table width='100%' border='1' class='invocation-failed'>
<tr><td colspan='4' align='center'><b>FAILED TESTS</b></td></tr>
<tr><td><b>Test method</b></td>
<td width="30%"><b>Exception</b></td>
<td width="10%"><b>Time (seconds)</b></td>
<td><b>Instance</b></td>
</tr>
<tr>
<td title='testcases.SLATest.verifyBooleanFunctionality()'><b>verifyBooleanFunctionality</b><br>Test class: testcases.SLATest</td>
<td><div><pre>java.lang.AssertionError: Select Department second Dropdown -  element not clikabke
	at utils.WebBasePage.click(WebBasePage.java:91)
	at pageobjects.AddSLAPage.selectEqualToDropDown(AddSLAPage.java:208)
	at action.AddSLAAction.targetPopupDropdown(AddSLAAction.java:270)
	at action.AddSLAAction.equalToTrashButton(AddSLAAction.java:275)
	at action.AddSLAAction.booleanSettingTrashButton(AddSLAAction.java:259)
	at testcases.SLATest.verifyBooleanFunctionality(SLATest.java:140)
	at java.base/java.util.ArrayList.forEach(ArrayList.java:1511)
... Removed 28 stack frames</pre></div><a href='#' onClick='toggleBox("stack-trace706796191", this, "Click to show all stack frames", "Click to hide stack frames")'>Click to show all stack frames</a>
<div class='stack-trace' id='stack-trace706796191'><pre>java.lang.AssertionError: Select Department second Dropdown -  element not clikabke
	at org.testng.Assert.fail(Assert.java:99)
	at utils.WebBasePage.click(WebBasePage.java:91)
	at pageobjects.AddSLAPage.selectEqualToDropDown(AddSLAPage.java:208)
	at action.AddSLAAction.targetPopupDropdown(AddSLAAction.java:270)
	at action.AddSLAAction.equalToTrashButton(AddSLAAction.java:275)
	at action.AddSLAAction.booleanSettingTrashButton(AddSLAAction.java:259)
	at testcases.SLATest.verifyBooleanFunctionality(SLATest.java:140)
	at java.base/jdk.internal.reflect.NativeMethodAccessorImpl.invoke0(Native Method)
	at java.base/jdk.internal.reflect.NativeMethodAccessorImpl.invoke(NativeMethodAccessorImpl.java:78)
	at java.base/jdk.internal.reflect.DelegatingMethodAccessorImpl.invoke(DelegatingMethodAccessorImpl.java:43)
	at java.base/java.lang.reflect.Method.invoke(Method.java:567)
	at org.testng.internal.MethodInvocationHelper.invokeMethod(MethodInvocationHelper.java:133)
	at org.testng.internal.TestInvoker.invokeMethod(TestInvoker.java:598)
	at org.testng.internal.TestInvoker.invokeTestMethod(TestInvoker.java:173)
	at org.testng.internal.MethodRunner.runInSequence(MethodRunner.java:46)
	at org.testng.internal.TestInvoker$MethodInvocationAgent.invoke(TestInvoker.java:824)
	at org.testng.internal.TestInvoker.invokeTestMethods(TestInvoker.java:146)
	at org.testng.internal.TestMethodWorker.invokeTestMethods(TestMethodWorker.java:146)
	at org.testng.internal.TestMethodWorker.run(TestMethodWorker.java:128)
	at java.base/java.util.ArrayList.forEach(ArrayList.java:1511)
	at org.testng.TestRunner.privateRun(TestRunner.java:794)
	at org.testng.TestRunner.run(TestRunner.java:596)
	at org.testng.SuiteRunner.runTest(SuiteRunner.java:377)
	at org.testng.SuiteRunner.runSequentially(SuiteRunner.java:371)
	at org.testng.SuiteRunner.privateRun(SuiteRunner.java:332)
	at org.testng.SuiteRunner.run(SuiteRunner.java:276)
	at org.testng.SuiteRunnerWorker.runSuite(SuiteRunnerWorker.java:53)
	at org.testng.SuiteRunnerWorker.run(SuiteRunnerWorker.java:96)
	at org.testng.TestNG.runSuitesSequentially(TestNG.java:1212)
	at org.testng.TestNG.runSuitesLocally(TestNG.java:1134)
	at org.testng.TestNG.runSuites(TestNG.java:1063)
	at org.testng.TestNG.run(TestNG.java:1031)
	at org.testng.remote.AbstractRemoteTestNG.run(AbstractRemoteTestNG.java:115)
	at org.testng.remote.RemoteTestNG.initAndRun(RemoteTestNG.java:251)
	at org.testng.remote.RemoteTestNG.main(RemoteTestNG.java:77)
</pre></div></td>
<td>84</td>
<td>testcases.SLATest@61001b64</td></tr>
<tr>
<td title='testcases.SLATest.verifyBooleanSaveButtonFunctionality()'><b>verifyBooleanSaveButtonFunctionality</b><br>Test class: testcases.SLATest</td>
<td><div><pre>java.lang.AssertionError: Select Department second Dropdown -  element not clikabke
	at utils.WebBasePage.click(WebBasePage.java:91)
	at pageobjects.AddSLAPage.selectEqualToDropDown(AddSLAPage.java:208)
	at action.AddSLAAction.targetPopupDropdown(AddSLAAction.java:270)
	at action.AddSLAAction.equalToSaveButton(AddSLAAction.java:280)
	at action.AddSLAAction.booleanSettingSaveButton(AddSLAAction.java:265)
	at testcases.SLATest.verifyBooleanSaveButtonFunctionality(SLATest.java:152)
	at java.base/java.util.ArrayList.forEach(ArrayList.java:1511)
... Removed 28 stack frames</pre></div><a href='#' onClick='toggleBox("stack-trace660673902", this, "Click to show all stack frames", "Click to hide stack frames")'>Click to show all stack frames</a>
<div class='stack-trace' id='stack-trace660673902'><pre>java.lang.AssertionError: Select Department second Dropdown -  element not clikabke
	at org.testng.Assert.fail(Assert.java:99)
	at utils.WebBasePage.click(WebBasePage.java:91)
	at pageobjects.AddSLAPage.selectEqualToDropDown(AddSLAPage.java:208)
	at action.AddSLAAction.targetPopupDropdown(AddSLAAction.java:270)
	at action.AddSLAAction.equalToSaveButton(AddSLAAction.java:280)
	at action.AddSLAAction.booleanSettingSaveButton(AddSLAAction.java:265)
	at testcases.SLATest.verifyBooleanSaveButtonFunctionality(SLATest.java:152)
	at java.base/jdk.internal.reflect.NativeMethodAccessorImpl.invoke0(Native Method)
	at java.base/jdk.internal.reflect.NativeMethodAccessorImpl.invoke(NativeMethodAccessorImpl.java:78)
	at java.base/jdk.internal.reflect.DelegatingMethodAccessorImpl.invoke(DelegatingMethodAccessorImpl.java:43)
	at java.base/java.lang.reflect.Method.invoke(Method.java:567)
	at org.testng.internal.MethodInvocationHelper.invokeMethod(MethodInvocationHelper.java:133)
	at org.testng.internal.TestInvoker.invokeMethod(TestInvoker.java:598)
	at org.testng.internal.TestInvoker.invokeTestMethod(TestInvoker.java:173)
	at org.testng.internal.MethodRunner.runInSequence(MethodRunner.java:46)
	at org.testng.internal.TestInvoker$MethodInvocationAgent.invoke(TestInvoker.java:824)
	at org.testng.internal.TestInvoker.invokeTestMethods(TestInvoker.java:146)
	at org.testng.internal.TestMethodWorker.invokeTestMethods(TestMethodWorker.java:146)
	at org.testng.internal.TestMethodWorker.run(TestMethodWorker.java:128)
	at java.base/java.util.ArrayList.forEach(ArrayList.java:1511)
	at org.testng.TestRunner.privateRun(TestRunner.java:794)
	at org.testng.TestRunner.run(TestRunner.java:596)
	at org.testng.SuiteRunner.runTest(SuiteRunner.java:377)
	at org.testng.SuiteRunner.runSequentially(SuiteRunner.java:371)
	at org.testng.SuiteRunner.privateRun(SuiteRunner.java:332)
	at org.testng.SuiteRunner.run(SuiteRunner.java:276)
	at org.testng.SuiteRunnerWorker.runSuite(SuiteRunnerWorker.java:53)
	at org.testng.SuiteRunnerWorker.run(SuiteRunnerWorker.java:96)
	at org.testng.TestNG.runSuitesSequentially(TestNG.java:1212)
	at org.testng.TestNG.runSuitesLocally(TestNG.java:1134)
	at org.testng.TestNG.runSuites(TestNG.java:1063)
	at org.testng.TestNG.run(TestNG.java:1031)
	at org.testng.remote.AbstractRemoteTestNG.run(AbstractRemoteTestNG.java:115)
	at org.testng.remote.RemoteTestNG.initAndRun(RemoteTestNG.java:251)
	at org.testng.remote.RemoteTestNG.main(RemoteTestNG.java:77)
</pre></div></td>
<td>76</td>
<td>testcases.SLATest@61001b64</td></tr>
</table><p>
<table width='100%' border='1' class='invocation-passed'>
<tr><td colspan='4' align='center'><b>PASSED TESTS</b></td></tr>
<tr><td><b>Test method</b></td>
<td width="30%"><b>Exception</b></td>
<td width="10%"><b>Time (seconds)</b></td>
<td><b>Instance</b></td>
</tr>
<tr>
<td title='testcases.SLATest.verifyPolicyDatePickerFunctionality()'><b>verifyPolicyDatePickerFunctionality</b><br>Test class: testcases.SLATest</td>
<td></td>
<td>46</td>
<td>testcases.SLATest@61001b64</td></tr>
<tr>
<td title='testcases.SLATest.verifyDepartmentCategoryFunctionality()'><b>verifyDepartmentCategoryFunctionality</b><br>Test class: testcases.SLATest</td>
<td></td>
<td>46</td>
<td>testcases.SLATest@61001b64</td></tr>
<tr>
<td title='testcases.SLATest.verifyDeleteButtonFunctionality()'><b>verifyDeleteButtonFunctionality</b><br>Test class: testcases.SLATest</td>
<td></td>
<td>59</td>
<td>testcases.SLATest@61001b64</td></tr>
<tr>
<td title='testcases.SLATest.VerifyCharactersValidation()'><b>VerifyCharactersValidation</b><br>Test class: testcases.SLATest</td>
<td></td>
<td>72</td>
<td>testcases.SLATest@61001b64</td></tr>
<tr>
<td title='testcases.SLATest.verifyProductCategoryFunctionality()'><b>verifyProductCategoryFunctionality</b><br>Test class: testcases.SLATest</td>
<td></td>
<td>45</td>
<td>testcases.SLATest@61001b64</td></tr>
<tr>
<td title='testcases.SLATest.verifyResolveTimeValidations()'><b>verifyResolveTimeValidations</b><br>Test class: testcases.SLATest</td>
<td></td>
<td>68</td>
<td>testcases.SLATest@61001b64</td></tr>
<tr>
<td title='testcases.SLATest.verifyClientCategoryFunctionality()'><b>verifyClientCategoryFunctionality</b><br>Test class: testcases.SLATest</td>
<td></td>
<td>47</td>
<td>testcases.SLATest@61001b64</td></tr>
<tr>
<td title='testcases.SLATest.verifyMandatoryValidation()'><b>verifyMandatoryValidation</b><br>Test class: testcases.SLATest</td>
<td></td>
<td>81</td>
<td>testcases.SLATest@61001b64</td></tr>
<tr>
<td title='testcases.SLATest.verifyResponseTimeValidations()'><b>verifyResponseTimeValidations</b><br>Test class: testcases.SLATest</td>
<td></td>
<td>67</td>
<td>testcases.SLATest@61001b64</td></tr>
</table><p>
</body>
</html>