<?xml version="1.0" encoding="UTF-8"?>
<!-- Generated by org.testng.reporters.JUnitXMLReporter -->
<testsuite ignored="14" hostname="COG-WIN-MAC03" failures="5" tests="84" name="Test" time="12849.371" errors="0" timestamp="2022-12-08T13:40:32 IST">
  <testcase classname="utils.WebTestBase" name="@AfterMethod reportWrapUp" time="60.057">
    <failure type="org.openqa.selenium.TimeoutException" message="timeout: Timed out receiving message from renderer: 10.000
  (Session info: chrome=108.0.5359.96)
Build info: version: &amp;apos;3.141.59&amp;apos;, revision: &amp;apos;e82be7d358&amp;apos;, time: &amp;apos;2018-11-14T08:17:03&amp;apos;
System info: host: &amp;apos;COG-WIN-MAC03&amp;apos;, ip: &amp;apos;192.168.0.167&amp;apos;, os.name: &amp;apos;Windows 10&amp;apos;, os.arch: &amp;apos;amd64&amp;apos;, os.version: &amp;apos;10.0&amp;apos;, java.version: &amp;apos;17.0.2&amp;apos;
Driver info: org.openqa.selenium.chrome.ChromeDriver
Capabilities {acceptInsecureCerts: false, browserName: chrome, browserVersion: 108.0.5359.96, chrome: {chromedriverVersion: 107.0.5304.62 (1eec40d3a576..., userDataDir: C:\Users\aanand\AppData\Loc...}, goog:chromeOptions: {debuggerAddress: localhost:58491}, javascriptEnabled: true, networkConnectionEnabled: false, pageLoadStrategy: normal, platform: WINDOWS, platformName: WINDOWS, proxy: Proxy(), setWindowRect: true, strictFileInteractability: false, timeouts: {implicit: 0, pageLoad: 300000, script: 30000}, unhandledPromptBehavior: dismiss and notify, webauthn:extension:credBlob: true, webauthn:extension:largeBlob: true, webauthn:virtualAuthenticators: true}
Session ID: 001ff77af679af95bcbef8c4944b792e">
      <![CDATA[org.openqa.selenium.TimeoutException: timeout: Timed out receiving message from renderer: 10.000
  (Session info: chrome=108.0.5359.96)
Build info: version: '3.141.59', revision: 'e82be7d358', time: '2018-11-14T08:17:03'
System info: host: 'COG-WIN-MAC03', ip: '192.168.0.167', os.name: 'Windows 10', os.arch: 'amd64', os.version: '10.0', java.version: '17.0.2'
Driver info: org.openqa.selenium.chrome.ChromeDriver
Capabilities {acceptInsecureCerts: false, browserName: chrome, browserVersion: 108.0.5359.96, chrome: {chromedriverVersion: 107.0.5304.62 (1eec40d3a576..., userDataDir: C:\Users\aanand\AppData\Loc...}, goog:chromeOptions: {debuggerAddress: localhost:58491}, javascriptEnabled: true, networkConnectionEnabled: false, pageLoadStrategy: normal, platform: WINDOWS, platformName: WINDOWS, proxy: Proxy(), setWindowRect: true, strictFileInteractability: false, timeouts: {implicit: 0, pageLoad: 300000, script: 30000}, unhandledPromptBehavior: dismiss and notify, webauthn:extension:credBlob: true, webauthn:extension:largeBlob: true, webauthn:virtualAuthenticators: true}
Session ID: 001ff77af679af95bcbef8c4944b792e
at org.openqa.selenium.remote.http.W3CHttpResponseCodec.createException(W3CHttpResponseCodec.java:187)
at org.openqa.selenium.remote.http.W3CHttpResponseCodec.decode(W3CHttpResponseCodec.java:122)
at org.openqa.selenium.remote.http.W3CHttpResponseCodec.decode(W3CHttpResponseCodec.java:49)
at org.openqa.selenium.remote.HttpCommandExecutor.execute(HttpCommandExecutor.java:158)
at org.openqa.selenium.remote.service.DriverCommandExecutor.execute(DriverCommandExecutor.java:83)
at org.openqa.selenium.remote.RemoteWebDriver.execute(RemoteWebDriver.java:552)
at org.openqa.selenium.remote.RemoteWebDriver.execute(RemoteWebDriver.java:609)
at org.openqa.selenium.remote.RemoteWebDriver.getScreenshotAs(RemoteWebDriver.java:295)
at utils.WebTestBase.reportWrapUp(WebTestBase.java:85)
at java.base/java.util.ArrayList.forEach(ArrayList.java:1511)
... Removed 36 stack frames]]>
    </failure>
  </testcase> <!-- @AfterMethod reportWrapUp -->
  <testcase classname="utils.WebTestBase" name="@BeforeMethod beforeMethod" time="-1.670486360789E9">
    <skipped/>
  </testcase> <!-- @BeforeMethod beforeMethod -->
  <testcase classname="utils.WebTestBase" name="@AfterMethod reportWrapUp" time="60.04">
    <failure type="org.openqa.selenium.TimeoutException" message="timeout: Timed out receiving message from renderer: 10.000
  (Session info: chrome=108.0.5359.96)
Build info: version: &amp;apos;3.141.59&amp;apos;, revision: &amp;apos;e82be7d358&amp;apos;, time: &amp;apos;2018-11-14T08:17:03&amp;apos;
System info: host: &amp;apos;COG-WIN-MAC03&amp;apos;, ip: &amp;apos;192.168.0.167&amp;apos;, os.name: &amp;apos;Windows 10&amp;apos;, os.arch: &amp;apos;amd64&amp;apos;, os.version: &amp;apos;10.0&amp;apos;, java.version: &amp;apos;17.0.2&amp;apos;
Driver info: org.openqa.selenium.chrome.ChromeDriver
Capabilities {acceptInsecureCerts: false, browserName: chrome, browserVersion: 108.0.5359.96, chrome: {chromedriverVersion: 107.0.5304.62 (1eec40d3a576..., userDataDir: C:\Users\aanand\AppData\Loc...}, goog:chromeOptions: {debuggerAddress: localhost:58491}, javascriptEnabled: true, networkConnectionEnabled: false, pageLoadStrategy: normal, platform: WINDOWS, platformName: WINDOWS, proxy: Proxy(), setWindowRect: true, strictFileInteractability: false, timeouts: {implicit: 0, pageLoad: 300000, script: 30000}, unhandledPromptBehavior: dismiss and notify, webauthn:extension:credBlob: true, webauthn:extension:largeBlob: true, webauthn:virtualAuthenticators: true}
Session ID: 001ff77af679af95bcbef8c4944b792e">
      <![CDATA[org.openqa.selenium.TimeoutException: timeout: Timed out receiving message from renderer: 10.000
  (Session info: chrome=108.0.5359.96)
Build info: version: '3.141.59', revision: 'e82be7d358', time: '2018-11-14T08:17:03'
System info: host: 'COG-WIN-MAC03', ip: '192.168.0.167', os.name: 'Windows 10', os.arch: 'amd64', os.version: '10.0', java.version: '17.0.2'
Driver info: org.openqa.selenium.chrome.ChromeDriver
Capabilities {acceptInsecureCerts: false, browserName: chrome, browserVersion: 108.0.5359.96, chrome: {chromedriverVersion: 107.0.5304.62 (1eec40d3a576..., userDataDir: C:\Users\aanand\AppData\Loc...}, goog:chromeOptions: {debuggerAddress: localhost:58491}, javascriptEnabled: true, networkConnectionEnabled: false, pageLoadStrategy: normal, platform: WINDOWS, platformName: WINDOWS, proxy: Proxy(), setWindowRect: true, strictFileInteractability: false, timeouts: {implicit: 0, pageLoad: 300000, script: 30000}, unhandledPromptBehavior: dismiss and notify, webauthn:extension:credBlob: true, webauthn:extension:largeBlob: true, webauthn:virtualAuthenticators: true}
Session ID: 001ff77af679af95bcbef8c4944b792e
at org.openqa.selenium.remote.http.W3CHttpResponseCodec.createException(W3CHttpResponseCodec.java:187)
at org.openqa.selenium.remote.http.W3CHttpResponseCodec.decode(W3CHttpResponseCodec.java:122)
at org.openqa.selenium.remote.http.W3CHttpResponseCodec.decode(W3CHttpResponseCodec.java:49)
at org.openqa.selenium.remote.HttpCommandExecutor.execute(HttpCommandExecutor.java:158)
at org.openqa.selenium.remote.service.DriverCommandExecutor.execute(DriverCommandExecutor.java:83)
at org.openqa.selenium.remote.RemoteWebDriver.execute(RemoteWebDriver.java:552)
at org.openqa.selenium.remote.RemoteWebDriver.execute(RemoteWebDriver.java:609)
at org.openqa.selenium.remote.RemoteWebDriver.getScreenshotAs(RemoteWebDriver.java:295)
at utils.WebTestBase.reportWrapUp(WebTestBase.java:85)
at java.base/java.util.ArrayList.forEach(ArrayList.java:1511)
... Removed 36 stack frames]]>
    </failure>
  </testcase> <!-- @AfterMethod reportWrapUp -->
  <testcase classname="utils.WebTestBase" name="@BeforeMethod beforeMethod" time="-1.670486420893E9">
    <skipped/>
  </testcase> <!-- @BeforeMethod beforeMethod -->
  <testcase classname="utils.WebTestBase" name="@AfterMethod reportWrapUp" time="60.045">
    <failure type="org.openqa.selenium.TimeoutException" message="timeout: Timed out receiving message from renderer: 10.000
  (Session info: chrome=108.0.5359.96)
Build info: version: &amp;apos;3.141.59&amp;apos;, revision: &amp;apos;e82be7d358&amp;apos;, time: &amp;apos;2018-11-14T08:17:03&amp;apos;
System info: host: &amp;apos;COG-WIN-MAC03&amp;apos;, ip: &amp;apos;192.168.0.167&amp;apos;, os.name: &amp;apos;Windows 10&amp;apos;, os.arch: &amp;apos;amd64&amp;apos;, os.version: &amp;apos;10.0&amp;apos;, java.version: &amp;apos;17.0.2&amp;apos;
Driver info: org.openqa.selenium.chrome.ChromeDriver
Capabilities {acceptInsecureCerts: false, browserName: chrome, browserVersion: 108.0.5359.96, chrome: {chromedriverVersion: 107.0.5304.62 (1eec40d3a576..., userDataDir: C:\Users\aanand\AppData\Loc...}, goog:chromeOptions: {debuggerAddress: localhost:58491}, javascriptEnabled: true, networkConnectionEnabled: false, pageLoadStrategy: normal, platform: WINDOWS, platformName: WINDOWS, proxy: Proxy(), setWindowRect: true, strictFileInteractability: false, timeouts: {implicit: 0, pageLoad: 300000, script: 30000}, unhandledPromptBehavior: dismiss and notify, webauthn:extension:credBlob: true, webauthn:extension:largeBlob: true, webauthn:virtualAuthenticators: true}
Session ID: 001ff77af679af95bcbef8c4944b792e">
      <![CDATA[org.openqa.selenium.TimeoutException: timeout: Timed out receiving message from renderer: 10.000
  (Session info: chrome=108.0.5359.96)
Build info: version: '3.141.59', revision: 'e82be7d358', time: '2018-11-14T08:17:03'
System info: host: 'COG-WIN-MAC03', ip: '192.168.0.167', os.name: 'Windows 10', os.arch: 'amd64', os.version: '10.0', java.version: '17.0.2'
Driver info: org.openqa.selenium.chrome.ChromeDriver
Capabilities {acceptInsecureCerts: false, browserName: chrome, browserVersion: 108.0.5359.96, chrome: {chromedriverVersion: 107.0.5304.62 (1eec40d3a576..., userDataDir: C:\Users\aanand\AppData\Loc...}, goog:chromeOptions: {debuggerAddress: localhost:58491}, javascriptEnabled: true, networkConnectionEnabled: false, pageLoadStrategy: normal, platform: WINDOWS, platformName: WINDOWS, proxy: Proxy(), setWindowRect: true, strictFileInteractability: false, timeouts: {implicit: 0, pageLoad: 300000, script: 30000}, unhandledPromptBehavior: dismiss and notify, webauthn:extension:credBlob: true, webauthn:extension:largeBlob: true, webauthn:virtualAuthenticators: true}
Session ID: 001ff77af679af95bcbef8c4944b792e
at org.openqa.selenium.remote.http.W3CHttpResponseCodec.createException(W3CHttpResponseCodec.java:187)
at org.openqa.selenium.remote.http.W3CHttpResponseCodec.decode(W3CHttpResponseCodec.java:122)
at org.openqa.selenium.remote.http.W3CHttpResponseCodec.decode(W3CHttpResponseCodec.java:49)
at org.openqa.selenium.remote.HttpCommandExecutor.execute(HttpCommandExecutor.java:158)
at org.openqa.selenium.remote.service.DriverCommandExecutor.execute(DriverCommandExecutor.java:83)
at org.openqa.selenium.remote.RemoteWebDriver.execute(RemoteWebDriver.java:552)
at org.openqa.selenium.remote.RemoteWebDriver.execute(RemoteWebDriver.java:609)
at org.openqa.selenium.remote.RemoteWebDriver.getScreenshotAs(RemoteWebDriver.java:295)
at utils.WebTestBase.reportWrapUp(WebTestBase.java:85)
at java.base/java.util.ArrayList.forEach(ArrayList.java:1511)
... Removed 36 stack frames]]>
    </failure>
  </testcase> <!-- @AfterMethod reportWrapUp -->
  <testcase classname="utils.WebTestBase" name="@BeforeMethod beforeMethod" time="-1.670486480948E9">
    <skipped/>
  </testcase> <!-- @BeforeMethod beforeMethod -->
  <testcase classname="utils.WebTestBase" name="@AfterMethod reportWrapUp" time="60.059">
    <failure type="org.openqa.selenium.TimeoutException" message="timeout: Timed out receiving message from renderer: 10.000
  (Session info: chrome=108.0.5359.96)
Build info: version: &amp;apos;3.141.59&amp;apos;, revision: &amp;apos;e82be7d358&amp;apos;, time: &amp;apos;2018-11-14T08:17:03&amp;apos;
System info: host: &amp;apos;COG-WIN-MAC03&amp;apos;, ip: &amp;apos;192.168.0.167&amp;apos;, os.name: &amp;apos;Windows 10&amp;apos;, os.arch: &amp;apos;amd64&amp;apos;, os.version: &amp;apos;10.0&amp;apos;, java.version: &amp;apos;17.0.2&amp;apos;
Driver info: org.openqa.selenium.chrome.ChromeDriver
Capabilities {acceptInsecureCerts: false, browserName: chrome, browserVersion: 108.0.5359.96, chrome: {chromedriverVersion: 107.0.5304.62 (1eec40d3a576..., userDataDir: C:\Users\aanand\AppData\Loc...}, goog:chromeOptions: {debuggerAddress: localhost:58491}, javascriptEnabled: true, networkConnectionEnabled: false, pageLoadStrategy: normal, platform: WINDOWS, platformName: WINDOWS, proxy: Proxy(), setWindowRect: true, strictFileInteractability: false, timeouts: {implicit: 0, pageLoad: 300000, script: 30000}, unhandledPromptBehavior: dismiss and notify, webauthn:extension:credBlob: true, webauthn:extension:largeBlob: true, webauthn:virtualAuthenticators: true}
Session ID: 001ff77af679af95bcbef8c4944b792e">
      <![CDATA[org.openqa.selenium.TimeoutException: timeout: Timed out receiving message from renderer: 10.000
  (Session info: chrome=108.0.5359.96)
Build info: version: '3.141.59', revision: 'e82be7d358', time: '2018-11-14T08:17:03'
System info: host: 'COG-WIN-MAC03', ip: '192.168.0.167', os.name: 'Windows 10', os.arch: 'amd64', os.version: '10.0', java.version: '17.0.2'
Driver info: org.openqa.selenium.chrome.ChromeDriver
Capabilities {acceptInsecureCerts: false, browserName: chrome, browserVersion: 108.0.5359.96, chrome: {chromedriverVersion: 107.0.5304.62 (1eec40d3a576..., userDataDir: C:\Users\aanand\AppData\Loc...}, goog:chromeOptions: {debuggerAddress: localhost:58491}, javascriptEnabled: true, networkConnectionEnabled: false, pageLoadStrategy: normal, platform: WINDOWS, platformName: WINDOWS, proxy: Proxy(), setWindowRect: true, strictFileInteractability: false, timeouts: {implicit: 0, pageLoad: 300000, script: 30000}, unhandledPromptBehavior: dismiss and notify, webauthn:extension:credBlob: true, webauthn:extension:largeBlob: true, webauthn:virtualAuthenticators: true}
Session ID: 001ff77af679af95bcbef8c4944b792e
at org.openqa.selenium.remote.http.W3CHttpResponseCodec.createException(W3CHttpResponseCodec.java:187)
at org.openqa.selenium.remote.http.W3CHttpResponseCodec.decode(W3CHttpResponseCodec.java:122)
at org.openqa.selenium.remote.http.W3CHttpResponseCodec.decode(W3CHttpResponseCodec.java:49)
at org.openqa.selenium.remote.HttpCommandExecutor.execute(HttpCommandExecutor.java:158)
at org.openqa.selenium.remote.service.DriverCommandExecutor.execute(DriverCommandExecutor.java:83)
at org.openqa.selenium.remote.RemoteWebDriver.execute(RemoteWebDriver.java:552)
at org.openqa.selenium.remote.RemoteWebDriver.execute(RemoteWebDriver.java:609)
at org.openqa.selenium.remote.RemoteWebDriver.getScreenshotAs(RemoteWebDriver.java:295)
at utils.WebTestBase.reportWrapUp(WebTestBase.java:85)
at java.base/java.util.ArrayList.forEach(ArrayList.java:1511)
... Removed 36 stack frames]]>
    </failure>
  </testcase> <!-- @AfterMethod reportWrapUp -->
  <testcase classname="utils.WebTestBase" name="@BeforeMethod beforeMethod" time="-1.670486541019E9">
    <skipped/>
  </testcase> <!-- @BeforeMethod beforeMethod -->
  <testcase classname="utils.WebTestBase" name="@AfterMethod reportWrapUp" time="60.049">
    <failure type="org.openqa.selenium.TimeoutException" message="timeout: Timed out receiving message from renderer: 10.000
  (Session info: chrome=108.0.5359.96)
Build info: version: &amp;apos;3.141.59&amp;apos;, revision: &amp;apos;e82be7d358&amp;apos;, time: &amp;apos;2018-11-14T08:17:03&amp;apos;
System info: host: &amp;apos;COG-WIN-MAC03&amp;apos;, ip: &amp;apos;192.168.0.167&amp;apos;, os.name: &amp;apos;Windows 10&amp;apos;, os.arch: &amp;apos;amd64&amp;apos;, os.version: &amp;apos;10.0&amp;apos;, java.version: &amp;apos;17.0.2&amp;apos;
Driver info: org.openqa.selenium.chrome.ChromeDriver
Capabilities {acceptInsecureCerts: false, browserName: chrome, browserVersion: 108.0.5359.96, chrome: {chromedriverVersion: 107.0.5304.62 (1eec40d3a576..., userDataDir: C:\Users\aanand\AppData\Loc...}, goog:chromeOptions: {debuggerAddress: localhost:58491}, javascriptEnabled: true, networkConnectionEnabled: false, pageLoadStrategy: normal, platform: WINDOWS, platformName: WINDOWS, proxy: Proxy(), setWindowRect: true, strictFileInteractability: false, timeouts: {implicit: 0, pageLoad: 300000, script: 30000}, unhandledPromptBehavior: dismiss and notify, webauthn:extension:credBlob: true, webauthn:extension:largeBlob: true, webauthn:virtualAuthenticators: true}
Session ID: 001ff77af679af95bcbef8c4944b792e">
      <![CDATA[org.openqa.selenium.TimeoutException: timeout: Timed out receiving message from renderer: 10.000
  (Session info: chrome=108.0.5359.96)
Build info: version: '3.141.59', revision: 'e82be7d358', time: '2018-11-14T08:17:03'
System info: host: 'COG-WIN-MAC03', ip: '192.168.0.167', os.name: 'Windows 10', os.arch: 'amd64', os.version: '10.0', java.version: '17.0.2'
Driver info: org.openqa.selenium.chrome.ChromeDriver
Capabilities {acceptInsecureCerts: false, browserName: chrome, browserVersion: 108.0.5359.96, chrome: {chromedriverVersion: 107.0.5304.62 (1eec40d3a576..., userDataDir: C:\Users\aanand\AppData\Loc...}, goog:chromeOptions: {debuggerAddress: localhost:58491}, javascriptEnabled: true, networkConnectionEnabled: false, pageLoadStrategy: normal, platform: WINDOWS, platformName: WINDOWS, proxy: Proxy(), setWindowRect: true, strictFileInteractability: false, timeouts: {implicit: 0, pageLoad: 300000, script: 30000}, unhandledPromptBehavior: dismiss and notify, webauthn:extension:credBlob: true, webauthn:extension:largeBlob: true, webauthn:virtualAuthenticators: true}
Session ID: 001ff77af679af95bcbef8c4944b792e
at org.openqa.selenium.remote.http.W3CHttpResponseCodec.createException(W3CHttpResponseCodec.java:187)
at org.openqa.selenium.remote.http.W3CHttpResponseCodec.decode(W3CHttpResponseCodec.java:122)
at org.openqa.selenium.remote.http.W3CHttpResponseCodec.decode(W3CHttpResponseCodec.java:49)
at org.openqa.selenium.remote.HttpCommandExecutor.execute(HttpCommandExecutor.java:158)
at org.openqa.selenium.remote.service.DriverCommandExecutor.execute(DriverCommandExecutor.java:83)
at org.openqa.selenium.remote.RemoteWebDriver.execute(RemoteWebDriver.java:552)
at org.openqa.selenium.remote.RemoteWebDriver.execute(RemoteWebDriver.java:609)
at org.openqa.selenium.remote.RemoteWebDriver.getScreenshotAs(RemoteWebDriver.java:295)
at utils.WebTestBase.reportWrapUp(WebTestBase.java:85)
at java.base/java.util.ArrayList.forEach(ArrayList.java:1511)
... Removed 36 stack frames]]>
    </failure>
  </testcase> <!-- @AfterMethod reportWrapUp -->
  <testcase classname="testcases.AddSLA" name="addTicketForSLA" time="330.893"/>
  <testcase classname="testcases.AddTicketTest" name="verifyAssignToDeptDropDown" time="63.403"/>
  <testcase classname="testcases.AddTicketTest" name="verifyTicketCategoryDropdown" time="42.118"/>
  <testcase classname="testcases.AddTicketTest" name="verifyPriorityDeptDropDown" time="41.701"/>
  <testcase classname="testcases.AddTicketTest" name="verifyValidations" time="39.806"/>
  <testcase classname="testcases.AddTicketTest" name="verifyTicketForRadioButtons" time="35.926"/>
  <testcase classname="testcases.AddTicketTest" name="verifyProductDropDown" time="41.171"/>
  <testcase classname="testcases.AddTicketTest" name="verifyNoValidations" time="38.794"/>
  <testcase classname="testcases.AddTicketTest" name="verifyTwoRadioButtons" time="45.131"/>
  <testcase classname="testcases.AddTicketTest" name="addOwnTickets" time="142.947"/>
  <testcase classname="testcases.AddTicketTest" name="verifyValidationForEmptyUser" time="107.994"/>
  <testcase classname="testcases.AddTicketTest" name="verifyValidationOnClientsField" time="49.152"/>
  <testcase classname="testcases.AddTicketTest" name="checkAddMoreFunctionality" time="44.205"/>
  <testcase classname="testcases.AddTicketTest" name="verifyCharctersInDescriptionField" time="78.221"/>
  <testcase classname="testcases.AddTicketTest" name="verifyFontOfUserGuide" time="37.804"/>
  <testcase classname="testcases.AddTicketTest" name="addTicket" time="161.337"/>
  <testcase classname="testcases.SLATest" name="verifyAddSLA" time="191.354">
    <failure type="java.lang.AssertionError" message="java.lang.NullPointerException: Cannot invoke &amp;quot;org.openqa.selenium.WebElement.clear()&amp;quot; because &amp;quot;element&amp;quot; is null">
      <![CDATA[java.lang.AssertionError: java.lang.NullPointerException: Cannot invoke "org.openqa.selenium.WebElement.clear()" because "element" is null
at utils.WebBasePage.enter(WebBasePage.java:64)
at pageobjects.SLAPage.searchPolicyName(SLAPage.java:35)
at action.SLAAction.searchPolicy(SLAAction.java:25)
at testcases.SLATest.verifyAddSLA(SLATest.java:33)
at java.base/java.util.ArrayList.forEach(ArrayList.java:1511)
... Removed 28 stack frames]]>
    </failure>
  </testcase> <!-- verifyAddSLA -->
  <testcase classname="testcases.SLATest" name="verifyMandatoryValidation" time="96.464"/>
  <testcase classname="testcases.SLATest" name="VerifyCharactersValidation" time="94.475"/>
  <testcase classname="testcases.SLATest" name="verifyRadioButtonsFunctionality" time="42.084"/>
  <testcase classname="testcases.SLATest" name="verifyClientCategoryFunctionality" time="49.352"/>
  <testcase classname="testcases.SLATest" name="verifyDepartmentCategoryFunctionality" time="64.635"/>
  <testcase classname="testcases.SLATest" name="verifyProductCategoryFunctionality" time="48.484"/>
  <testcase classname="testcases.SLATest" name="verifyDeleteButtonFunctionality" time="61.255"/>
  <testcase classname="testcases.SLATest" name="verifyPolicyDatePickerFunctionality" time="41.204"/>
  <testcase classname="testcases.SLATest" name="verifyBooleanFunctionality" time="63.864"/>
  <testcase classname="testcases.SLATest" name="verifyBooleanSaveButtonFunctionality" time="63.65"/>
  <testcase classname="testcases.SLATest" name="verifyResponseTimeValidations" time="92.674"/>
  <testcase classname="testcases.SLATest" name="verifyResolveTimeValidations" time="93.052"/>
  <testcase classname="testcases.TicketDetailReportTest" name="verifySearchTicket" time="248.842"/>
  <testcase classname="testcases.TicketGroupListingTest" name="verifySearchFunctionality" time="49.547"/>
  <testcase classname="testcases.TicketGroupListingTest" name="verifyResetFunctionality" time="64.415"/>
  <testcase classname="testcases.TicketingDashboardTest" name="verifyReportsValidation" time="82.368">
    <failure type="java.lang.AssertionError" message="Save -  element not clikabke">
      <![CDATA[java.lang.AssertionError: Save -  element not clikabke
at utils.WebBasePage.click(WebBasePage.java:91)
at pageobjects.TicketingDashboardPage.clickSaveButton(TicketingDashboardPage.java:156)
at pageobjects.TicketingDashboardPage.selectAllReports(TicketingDashboardPage.java:161)
at action.TicketingDashboardAction.validateReportsValidation(TicketingDashboardAction.java:40)
at testcases.TicketingDashboardTest.verifyReportsValidation(TicketingDashboardTest.java:26)
at java.base/java.util.ArrayList.forEach(ArrayList.java:1511)
... Removed 28 stack frames]]>
    </failure>
  </testcase> <!-- verifyReportsValidation -->
  <testcase classname="testcases.TicketingDashboardTest" name="validateWidgetsCount" time="100.341"/>
  <testcase classname="testcases.TicketingDashboardTest" name="verifyTodaysFilter" time="381.853"/>
  <testcase classname="testcases.TicketingDashboardTest" name="verifyThisYearFilter" time="208.72"/>
  <testcase classname="testcases.TicketingDashboardTest" name="verifyYesterDayFilter" time="148.505"/>
  <testcase classname="testcases.TicketingDashboardTest" name="verifyLastWeekFilter" time="201.907"/>
  <testcase classname="testcases.TicketingDashboardTest" name="verifyThisWeekFilter" time="200.227"/>
  <testcase classname="testcases.TicketingDashboardTest" name="verifyThisMonthFilter" time="213.678"/>
  <testcase classname="testcases.TicketingDashboardTest" name="verifyLastMonthFilter" time="146.566"/>
  <testcase classname="testcases.TicketingDashboardTest" name="verifyTodayFilterFromCategory" time="265.758"/>
  <testcase classname="testcases.TicketingDashboardTest" name="verifyThisWeekFilterFromCategory" time="154.262"/>
  <testcase classname="testcases.TicketingDashboardTest" name="verifyYesterdayFilterFromCategory" time="151.015"/>
  <testcase classname="testcases.TicketingDashboardTest" name="verifyYesterdayFilterByChannel" time="390.635"/>
  <testcase classname="testcases.TicketingDashboardTest" name="verifyTodaysFilterByChannel" time="157.117"/>
  <testcase classname="testcases.TicketingDashboardTest" name="verifyThisWeekByChannel" time="168.157"/>
  <testcase classname="testcases.TicketingDashboardTest" name="verifyLastWeekByChannel" time="158.119"/>
  <testcase classname="testcases.TicketingDashboardTest" name="verifyThisMonthByChannel" time="334.379">
    <failure type="java.lang.AssertionError" message="java.lang.NullPointerException: Cannot invoke &amp;quot;org.openqa.selenium.WebElement.clear()&amp;quot; because &amp;quot;element&amp;quot; is null">
      <![CDATA[java.lang.AssertionError: java.lang.NullPointerException: Cannot invoke "org.openqa.selenium.WebElement.clear()" because "element" is null
at utils.WebBasePage.enter(WebBasePage.java:64)
at pageobjects.UserLoginPage.enterUserName(UserLoginPage.java:77)
at pageobjects.UserLoginPage.forcefulLogOutLogin(UserLoginPage.java:123)
at action.LoginAction.logoutLogin(LoginAction.java:26)
at testcases.TicketingDashboardTest.verifyThisMonthByChannel(TicketingDashboardTest.java:460)
at java.base/java.util.ArrayList.forEach(ArrayList.java:1511)
... Removed 28 stack frames]]>
    </failure>
  </testcase> <!-- verifyThisMonthByChannel -->
  <testcase classname="testcases.TicketingDashboardTest" name="verifyLastMonthByChannel" time="140.155"/>
  <testcase classname="testcases.TicketingDashboardTest" name="verifyTodaysFilterByProduct" time="421.803"/>
  <testcase classname="testcases.TicketingDashboardTest" name="verifyThisWeekFilterByProduct" time="205.738"/>
  <testcase classname="testcases.TicketingDashboardTest" name="verifyThisYearFilterByProduct" time="359.219"/>
  <testcase classname="testcases.TicketingDashboardTest" name="verifyThisMonthFilterByProduct" time="379.17"/>
  <testcase classname="testcases.TicketingDashboardTest" name="verifyYesterdayFilterByProduct" time="162.499"/>
  <testcase classname="testcases.TicketingDashboardTest" name="verifyLastWeekFilterByProduct" time="359.691"/>
  <testcase classname="testcases.TicketingDashboardTest" name="verifyLastMonthFilterByProduct" time="313.075"/>
  <testcase classname="testcases.TicketingDashboardTest" name="verifyTodayFilterByResolver" time="246.906"/>
  <testcase classname="testcases.TicketingDashboardTest" name="verifyThisWeekFilterByResolver" time="479.14"/>
  <testcase classname="testcases.TicketingGroupTest" name="verifyAddGroup" time="38.593"/>
  <testcase classname="testcases.TicketingGroupTest" name="verifyCancelButton" time="51.035"/>
  <testcase classname="testcases.TicketingGroupTest" name="verifyNoRecordsMessage" time="42.359"/>
  <testcase classname="testcases.TicketingServiceBoardTest" name="verifyServiceboardElements" time="29.805"/>
  <testcase classname="testcases.TicketingServiceBoardTest" name="verifyAddServiceBoardGroupOne" time="50.337"/>
  <testcase classname="testcases.TicketingServiceBoardTest" name="verifyAddServiceBoardGroupTwo" time="43.373"/>
  <testcase classname="testcases.TicketingServiceBoardTest" name="verifyCancelButtonFunctionality" time="45.443"/>
  <testcase classname="testcases.TicketingServiceBoardTest" name="verifyUpdateServiceBoardNavigation" time="39.837"/>
  <testcase classname="testcases.TicketListingTest" name="verifyUrlOnClickingBreadCrumb" time="83.198"/>
  <testcase classname="testcases.TicketListingTest" name="verifyResetButtonFunctionality" time="406.042"/>
  <testcase classname="testcases.TicketListingTest" name="verifyExpandCollapseFeature" time="87.404"/>
  <testcase classname="testcases.TicketListingTest" name="verifySearchFunctionality" time="357.48"/>
  <testcase classname="testcases.TicketListingTest" name="verifyUnassignedTicketWidget" time="91.361"/>
  <testcase classname="testcases.TicketListingTest" name="verifyReplyCount" time="259.832"/>
  <testcase classname="testcases.TicketListingTest" name="verifyFollowUpFunctionality" time="283.041"/>
  <testcase classname="testcases.TicketListingTest" name="verifyMergeButtonFunctionality" time="106.532"/>
  <testcase classname="testcases.TicketListingTest" name="verifyUpdateTicketFunctionality" time="284.246"/>
  <testcase classname="testcases.TicketListingTest" name="verifyDeleteTicketFunctionality" time="410.038"/>
  <testcase classname="testcases.TicketListingTest" name="verifyNotesFunctionality" time="93.367">
    <failure type="org.openqa.selenium.TimeoutException" message="timeout: Timed out receiving message from renderer: 10.000
  (Session info: chrome=108.0.5359.96)
Build info: version: &amp;apos;3.141.59&amp;apos;, revision: &amp;apos;e82be7d358&amp;apos;, time: &amp;apos;2018-11-14T08:17:03&amp;apos;
System info: host: &amp;apos;COG-WIN-MAC03&amp;apos;, ip: &amp;apos;192.168.0.167&amp;apos;, os.name: &amp;apos;Windows 10&amp;apos;, os.arch: &amp;apos;amd64&amp;apos;, os.version: &amp;apos;10.0&amp;apos;, java.version: &amp;apos;17.0.2&amp;apos;
Driver info: org.openqa.selenium.chrome.ChromeDriver
Capabilities {acceptInsecureCerts: false, browserName: chrome, browserVersion: 108.0.5359.96, chrome: {chromedriverVersion: 107.0.5304.62 (1eec40d3a576..., userDataDir: C:\Users\aanand\AppData\Loc...}, goog:chromeOptions: {debuggerAddress: localhost:58491}, javascriptEnabled: true, networkConnectionEnabled: false, pageLoadStrategy: normal, platform: WINDOWS, platformName: WINDOWS, proxy: Proxy(), setWindowRect: true, strictFileInteractability: false, timeouts: {implicit: 0, pageLoad: 300000, script: 30000}, unhandledPromptBehavior: dismiss and notify, webauthn:extension:credBlob: true, webauthn:extension:largeBlob: true, webauthn:virtualAuthenticators: true}
Session ID: 001ff77af679af95bcbef8c4944b792e">
      <![CDATA[org.openqa.selenium.TimeoutException: timeout: Timed out receiving message from renderer: 10.000
  (Session info: chrome=108.0.5359.96)
Build info: version: '3.141.59', revision: 'e82be7d358', time: '2018-11-14T08:17:03'
System info: host: 'COG-WIN-MAC03', ip: '192.168.0.167', os.name: 'Windows 10', os.arch: 'amd64', os.version: '10.0', java.version: '17.0.2'
Driver info: org.openqa.selenium.chrome.ChromeDriver
Capabilities {acceptInsecureCerts: false, browserName: chrome, browserVersion: 108.0.5359.96, chrome: {chromedriverVersion: 107.0.5304.62 (1eec40d3a576..., userDataDir: C:\Users\aanand\AppData\Loc...}, goog:chromeOptions: {debuggerAddress: localhost:58491}, javascriptEnabled: true, networkConnectionEnabled: false, pageLoadStrategy: normal, platform: WINDOWS, platformName: WINDOWS, proxy: Proxy(), setWindowRect: true, strictFileInteractability: false, timeouts: {implicit: 0, pageLoad: 300000, script: 30000}, unhandledPromptBehavior: dismiss and notify, webauthn:extension:credBlob: true, webauthn:extension:largeBlob: true, webauthn:virtualAuthenticators: true}
Session ID: 001ff77af679af95bcbef8c4944b792e
at org.openqa.selenium.remote.http.W3CHttpResponseCodec.createException(W3CHttpResponseCodec.java:187)
at org.openqa.selenium.remote.http.W3CHttpResponseCodec.decode(W3CHttpResponseCodec.java:122)
at org.openqa.selenium.remote.http.W3CHttpResponseCodec.decode(W3CHttpResponseCodec.java:49)
at org.openqa.selenium.remote.HttpCommandExecutor.execute(HttpCommandExecutor.java:158)
at org.openqa.selenium.remote.service.DriverCommandExecutor.execute(DriverCommandExecutor.java:83)
at org.openqa.selenium.remote.RemoteWebDriver.execute(RemoteWebDriver.java:552)
at org.openqa.selenium.remote.RemoteWebDriver.execute(RemoteWebDriver.java:609)
at org.openqa.selenium.remote.RemoteWebDriver.getScreenshotAs(RemoteWebDriver.java:295)
at utils.WebBasePage.takeScreenshot(WebBasePage.java:249)
at utils.WebBasePage.enter(WebBasePage.java:62)
at pageobjects.UserLoginPage.enterUserName(UserLoginPage.java:77)
at pageobjects.UserLoginPage.forcefulLogOutLogin(UserLoginPage.java:123)
at action.LoginAction.logoutLogin(LoginAction.java:26)
at testcases.TicketListingTest.verifyNotesFunctionality(TicketListingTest.java:201)
at java.base/java.util.ArrayList.forEach(ArrayList.java:1511)
... Removed 32 stack frames]]>
    </failure>
  </testcase> <!-- verifyNotesFunctionality -->
  <testcase classname="testcases.TicketListingTest" name="verifyAttachmentTabFunctionality" time="0.0">
    <skipped/>
  </testcase> <!-- verifyAttachmentTabFunctionality -->
  <testcase classname="testcases.TicketListingTest" name="verifyWidgetsFunctionality" time="0.0">
    <skipped/>
  </testcase> <!-- verifyWidgetsFunctionality -->
  <testcase classname="testcases.TicketListingTest" name="verifyCannedReplyFunctionality" time="0.0">
    <skipped/>
  </testcase> <!-- verifyCannedReplyFunctionality -->
  <testcase classname="testcases.TicketListingTest" name="verifyDraftReplyFunctionality" time="0.0">
    <skipped/>
  </testcase> <!-- verifyDraftReplyFunctionality -->
  <testcase classname="testcases.TicketSummaryReportTest" name="verifySearchTicket" time="283.278">
    <failure type="java.lang.AssertionError" message="org.openqa.selenium.NoSuchElementException: no such element: Unable to locate element: {&amp;quot;method&amp;quot;:&amp;quot;xpath&amp;quot;,&amp;quot;selector&amp;quot;:&amp;quot;//table/tbody/tr[4]/td/div&amp;quot;}
  (Session info: chrome=108.0.5359.96)
For documentation on this error, please visit: https://www.seleniumhq.org/exceptions/no_such_element.html
Build info: version: &amp;apos;3.141.59&amp;apos;, revision: &amp;apos;e82be7d358&amp;apos;, time: &amp;apos;2018-11-14T08:17:03&amp;apos;
System info: host: &amp;apos;COG-WIN-MAC03&amp;apos;, ip: &amp;apos;192.168.0.167&amp;apos;, os.name: &amp;apos;Windows 10&amp;apos;, os.arch: &amp;apos;amd64&amp;apos;, os.version: &amp;apos;10.0&amp;apos;, java.version: &amp;apos;17.0.2&amp;apos;
Driver info: org.openqa.selenium.chrome.ChromeDriver
Capabilities {acceptInsecureCerts: false, browserName: chrome, browserVersion: 108.0.5359.96, chrome: {chromedriverVersion: 107.0.5304.62 (1eec40d3a576..., userDataDir: C:\Users\aanand\AppData\Loc...}, goog:chromeOptions: {debuggerAddress: localhost:59017}, javascriptEnabled: true, networkConnectionEnabled: false, pageLoadStrategy: normal, platform: WINDOWS, platformName: WINDOWS, proxy: Proxy(), setWindowRect: true, strictFileInteractability: false, timeouts: {implicit: 0, pageLoad: 300000, script: 30000}, unhandledPromptBehavior: dismiss and notify, webauthn:extension:credBlob: true, webauthn:extension:largeBlob: true, webauthn:virtualAuthenticators: true}
Session ID: 7f2bad0701d8481433cb94c4db995d6e
*** Element info: {Using=xpath, value=//table/tbody/tr[4]/td/div}">
      <![CDATA[java.lang.AssertionError: org.openqa.selenium.NoSuchElementException: no such element: Unable to locate element: {"method":"xpath","selector":"//table/tbody/tr[4]/td/div"}
  (Session info: chrome=108.0.5359.96)
For documentation on this error, please visit: https://www.seleniumhq.org/exceptions/no_such_element.html
Build info: version: '3.141.59', revision: 'e82be7d358', time: '2018-11-14T08:17:03'
System info: host: 'COG-WIN-MAC03', ip: '192.168.0.167', os.name: 'Windows 10', os.arch: 'amd64', os.version: '10.0', java.version: '17.0.2'
Driver info: org.openqa.selenium.chrome.ChromeDriver
Capabilities {acceptInsecureCerts: false, browserName: chrome, browserVersion: 108.0.5359.96, chrome: {chromedriverVersion: 107.0.5304.62 (1eec40d3a576..., userDataDir: C:\Users\aanand\AppData\Loc...}, goog:chromeOptions: {debuggerAddress: localhost:59017}, javascriptEnabled: true, networkConnectionEnabled: false, pageLoadStrategy: normal, platform: WINDOWS, platformName: WINDOWS, proxy: Proxy(), setWindowRect: true, strictFileInteractability: false, timeouts: {implicit: 0, pageLoad: 300000, script: 30000}, unhandledPromptBehavior: dismiss and notify, webauthn:extension:credBlob: true, webauthn:extension:largeBlob: true, webauthn:virtualAuthenticators: true}
Session ID: 7f2bad0701d8481433cb94c4db995d6e
*** Element info: {Using=xpath, value=//table/tbody/tr[4]/td/div}
at utils.WebBasePage.gettextByJSexecuter(WebBasePage.java:320)
at pageobjects.TicketSummaryReportPage.ticketNoTextFromSearch(TicketSummaryReportPage.java:87)
at action.TicketSummaryReportAction.validateSearchedValues(TicketSummaryReportAction.java:46)
at testcases.TicketSummaryReportTest.verifySearchTicket(TicketSummaryReportTest.java:37)
at java.base/java.util.ArrayList.forEach(ArrayList.java:1511)
... Removed 28 stack frames]]>
    </failure>
  </testcase> <!-- verifySearchTicket -->
  <testcase classname="testcases.UnassignedTicketsTest" name="verifyUnassignedTicketsCount" time="63.571"/>
  <testcase classname="testcases.TicketingDashboardTest" name="verifyLastMonthFilterFromCategory" time="0.0">
    <ignored/>
  </testcase> <!-- verifyLastMonthFilterFromCategory -->
  <testcase classname="utils.WebTestBase" name="@AfterSuite close" time="0.0">
    <ignored/>
  </testcase> <!-- @AfterSuite close -->
  <testcase classname="utils.WebTestBase" name="@AfterSuite close" time="0.0">
    <ignored/>
  </testcase> <!-- @AfterSuite close -->
  <testcase classname="utils.WebTestBase" name="@AfterSuite close" time="0.0">
    <ignored/>
  </testcase> <!-- @AfterSuite close -->
  <testcase classname="utils.WebTestBase" name="@AfterSuite close" time="0.0">
    <ignored/>
  </testcase> <!-- @AfterSuite close -->
  <testcase classname="utils.WebTestBase" name="@AfterSuite close" time="0.0">
    <ignored/>
  </testcase> <!-- @AfterSuite close -->
  <testcase classname="utils.WebTestBase" name="@AfterSuite close" time="0.0">
    <ignored/>
  </testcase> <!-- @AfterSuite close -->
  <testcase classname="utils.WebTestBase" name="@AfterSuite close" time="0.0">
    <ignored/>
  </testcase> <!-- @AfterSuite close -->
  <testcase classname="utils.WebTestBase" name="@AfterSuite close" time="0.0">
    <ignored/>
  </testcase> <!-- @AfterSuite close -->
  <testcase classname="utils.WebTestBase" name="@AfterSuite close" time="0.0">
    <ignored/>
  </testcase> <!-- @AfterSuite close -->
  <testcase classname="utils.WebTestBase" name="@AfterSuite close" time="0.0">
    <ignored/>
  </testcase> <!-- @AfterSuite close -->
  <testcase classname="testcases.TicketingDashboardTest" name="verifyThisMonthFilterFromCategory" time="0.0">
    <ignored/>
  </testcase> <!-- verifyThisMonthFilterFromCategory -->
  <testcase classname="testcases.TicketingDashboardTest" name="verifyThisYearFilterFromCategory" time="0.0">
    <ignored/>
  </testcase> <!-- verifyThisYearFilterFromCategory -->
  <testcase classname="testcases.TicketingDashboardTest" name="verifyLastWeekFilterFromCategory" time="0.0">
    <ignored/>
  </testcase> <!-- verifyLastWeekFilterFromCategory -->
</testsuite> <!-- Test -->
