<!DOCTYPE html PUBLIC "-//W3C//DTD XHTML 1.1//EN" "https://www.w3.org/TR/xhtml11/DTD/xhtml11.dtd">
<html xmlns="https://www.w3.org/1999/xhtml">
<head>
<meta http-equiv="content-type" content="text/html; charset=UTF-8"/>
<title>TestNG Report</title>
<style type="text/css">table {margin-bottom:10px;border-collapse:collapse;empty-cells:show}th,td {border:1px solid #009;padding:.25em .5em}th {vertical-align:bottom}td {vertical-align:top}table a {font-weight:bold}.stripe td {background-color: #E6EBF9}.num {text-align:right}.passedodd td {background-color: #3F3}.passedeven td {background-color: #0A0}.skippedodd td {background-color: #DDD}.skippedeven td {background-color: #CCC}.failedodd td,.attn {background-color: #F33}.failedeven td,.stripe .attn {background-color: #D00}.stacktrace {white-space:pre;font-family:monospace}.totop {font-size:85%;text-align:center;border-bottom:2px solid #000}.invisible {display:none}</style>
</head>
<body>
<table>
<tr><th>Test</th><th># Passed</th><th># Skipped</th><th># Retried</th><th># Failed</th><th>Time (ms)</th><th>Included Groups</th><th>Excluded Groups</th></tr>
<tr><th colspan="8">Suite</th></tr>
<tr><td><a href="#t0">Test</a></td><td class="num">75</td><td class="num attn">4</td><td class="num">0</td><td class="num attn">5</td><td class="num">12,849,371</td><td></td><td></td></tr>
</table>
<table id='summary'><thead><tr><th>Class</th><th>Method</th><th>Start</th><th>Time (ms)</th></tr></thead><tbody><tr><th colspan="4">Suite</th></tr></tbody><tbody id="t0"><tr><th colspan="4">Test &#8212; failed (configuration methods)</th></tr><tr class="failedeven"><td rowspan="5">testcases.TicketListingTest</td><td><a href="#m0">reportWrapUp</a></td><td rowspan="5">1670486541022</td><td rowspan="5">60049</td></tr><tr class="failedeven"><td><a href="#m1">reportWrapUp</a></td></tr><tr class="failedeven"><td><a href="#m2">reportWrapUp</a></td></tr><tr class="failedeven"><td><a href="#m3">reportWrapUp</a></td></tr><tr class="failedeven"><td><a href="#m4">reportWrapUp</a></td></tr><tr><th colspan="4">Test &#8212; failed</th></tr><tr class="failedeven"><td rowspan="1">testcases.SLATest</td><td><a href="#m5">verifyAddSLA</a></td><td rowspan="1">1670475525482</td><td rowspan="1">191354</td></tr><tr class="failedodd"><td rowspan="1">testcases.TicketListingTest</td><td><a href="#m6">verifyNotesFunctionality</a></td><td rowspan="1">1670486207354</td><td rowspan="1">93367</td></tr><tr class="failedeven"><td rowspan="1">testcases.TicketSummaryReportTest</td><td><a href="#m7">verifySearchTicket</a></td><td rowspan="1">1670486673027</td><td rowspan="1">283278</td></tr><tr class="failedodd"><td rowspan="2">testcases.TicketingDashboardTest</td><td><a href="#m8">verifyReportsValidation</a></td><td rowspan="1">1670476931913</td><td rowspan="1">82368</td></tr><tr class="failedodd"><td><a href="#m9">verifyThisMonthByChannel</a></td><td rowspan="1">1670480061491</td><td rowspan="1">334379</td></tr><tr><th colspan="4">Test &#8212; skipped (configuration methods)</th></tr><tr class="skippedeven"><td rowspan="4">testcases.TicketListingTest</td><td><a href="#m10">beforeMethod</a></td><td rowspan="4">1670486541019</td><td rowspan="4">-1670486541019</td></tr><tr class="skippedeven"><td><a href="#m11">beforeMethod</a></td></tr><tr class="skippedeven"><td><a href="#m12">beforeMethod</a></td></tr><tr class="skippedeven"><td><a href="#m13">beforeMethod</a></td></tr><tr><th colspan="4">Test &#8212; skipped</th></tr><tr class="skippedeven"><td rowspan="4">testcases.TicketListingTest</td><td><a href="#m14">verifyAttachmentTabFunctionality</a></td><td rowspan="1">1670486360848</td><td rowspan="1">0</td></tr><tr class="skippedeven"><td><a href="#m15">verifyCannedReplyFunctionality</a></td><td rowspan="1">1670486480950</td><td rowspan="1">0</td></tr><tr class="skippedeven"><td><a href="#m16">verifyDraftReplyFunctionality</a></td><td rowspan="1">1670486541020</td><td rowspan="1">0</td></tr><tr class="skippedeven"><td><a href="#m17">verifyWidgetsFunctionality</a></td><td rowspan="1">1670486420894</td><td rowspan="1">0</td></tr><tr><th colspan="4">Test &#8212; passed</th></tr><tr class="passedeven"><td rowspan="1">testcases.AddSLA</td><td><a href="#m18">addTicketForSLA</a></td><td rowspan="1">1670474204168</td><td rowspan="1">330893</td></tr><tr class="passedodd"><td rowspan="15">testcases.AddTicketTest</td><td><a href="#m19">addOwnTickets</a></td><td rowspan="1">1670474893704</td><td rowspan="1">142947</td></tr><tr class="passedodd"><td><a href="#m20">addTicket</a></td><td rowspan="1">1670475354047</td><td rowspan="1">161337</td></tr><tr class="passedodd"><td><a href="#m21">checkAddMoreFunctionality</a></td><td rowspan="1">1670475193807</td><td rowspan="1">44205</td></tr><tr class="passedodd"><td><a href="#m22">verifyAssignToDeptDropDown</a></td><td rowspan="1">1670474545625</td><td rowspan="1">63403</td></tr><tr class="passedodd"><td><a href="#m23">verifyCharctersInDescriptionField</a></td><td rowspan="1">1670475238015</td><td rowspan="1">78221</td></tr><tr class="passedodd"><td><a href="#m24">verifyFontOfUserGuide</a></td><td rowspan="1">1670475316239</td><td rowspan="1">37804</td></tr><tr class="passedodd"><td><a href="#m25">verifyNoValidations</a></td><td rowspan="1">1670474809773</td><td rowspan="1">38794</td></tr><tr class="passedodd"><td><a href="#m26">verifyPriorityDeptDropDown</a></td><td rowspan="1">1670474651155</td><td rowspan="1">41701</td></tr><tr class="passedodd"><td><a href="#m27">verifyProductDropDown</a></td><td rowspan="1">1670474768599</td><td rowspan="1">41171</td></tr><tr class="passedodd"><td><a href="#m28">verifyTicketCategoryDropdown</a></td><td rowspan="1">1670474609033</td><td rowspan="1">42118</td></tr><tr class="passedodd"><td><a href="#m29">verifyTicketForRadioButtons</a></td><td rowspan="1">1670474732670</td><td rowspan="1">35926</td></tr><tr class="passedodd"><td><a href="#m30">verifyTwoRadioButtons</a></td><td rowspan="1">1670474848570</td><td rowspan="1">45131</td></tr><tr class="passedodd"><td><a href="#m31">verifyValidationForEmptyUser</a></td><td rowspan="1">1670475036654</td><td rowspan="1">107994</td></tr><tr class="passedodd"><td><a href="#m32">verifyValidationOnClientsField</a></td><td rowspan="1">1670475144652</td><td rowspan="1">49152</td></tr><tr class="passedodd"><td><a href="#m33">verifyValidations</a></td><td rowspan="1">1670474692861</td><td rowspan="1">39806</td></tr><tr class="passedeven"><td rowspan="12">testcases.SLATest</td><td><a href="#m34">VerifyCharactersValidation</a></td><td rowspan="1">1670475813592</td><td rowspan="1">94475</td></tr><tr class="passedeven"><td><a href="#m35">verifyBooleanFunctionality</a></td><td rowspan="1">1670476215105</td><td rowspan="1">63864</td></tr><tr class="passedeven"><td><a href="#m36">verifyBooleanSaveButtonFunctionality</a></td><td rowspan="1">1670476278972</td><td rowspan="1">63650</td></tr><tr class="passedeven"><td><a href="#m37">verifyClientCategoryFunctionality</a></td><td rowspan="1">1670475950156</td><td rowspan="1">49352</td></tr><tr class="passedeven"><td><a href="#m38">verifyDeleteButtonFunctionality</a></td><td rowspan="1">1670476112636</td><td rowspan="1">61255</td></tr><tr class="passedeven"><td><a href="#m39">verifyDepartmentCategoryFunctionality</a></td><td rowspan="1">1670475999511</td><td rowspan="1">64635</td></tr><tr class="passedeven"><td><a href="#m40">verifyMandatoryValidation</a></td><td rowspan="1">1670475717125</td><td rowspan="1">96464</td></tr><tr class="passedeven"><td><a href="#m41">verifyPolicyDatePickerFunctionality</a></td><td rowspan="1">1670476173895</td><td rowspan="1">41204</td></tr><tr class="passedeven"><td><a href="#m42">verifyProductCategoryFunctionality</a></td><td rowspan="1">1670476064149</td><td rowspan="1">48484</td></tr><tr class="passedeven"><td><a href="#m43">verifyRadioButtonsFunctionality</a></td><td rowspan="1">1670475908069</td><td rowspan="1">42084</td></tr><tr class="passedeven"><td><a href="#m44">verifyResolveTimeValidations</a></td><td rowspan="1">1670476435301</td><td rowspan="1">93052</td></tr><tr class="passedeven"><td><a href="#m45">verifyResponseTimeValidations</a></td><td rowspan="1">1670476342625</td><td rowspan="1">92674</td></tr><tr class="passedodd"><td rowspan="1">testcases.TicketDetailReportTest</td><td><a href="#m46">verifySearchTicket</a></td><td rowspan="1">1670476540209</td><td rowspan="1">248842</td></tr><tr class="passedeven"><td rowspan="2">testcases.TicketGroupListingTest</td><td><a href="#m47">verifyResetFunctionality</a></td><td rowspan="1">1670476856004</td><td rowspan="1">64415</td></tr><tr class="passedeven"><td><a href="#m48">verifySearchFunctionality</a></td><td rowspan="1">1670476806454</td><td rowspan="1">49547</td></tr><tr class="passedodd"><td rowspan="10">testcases.TicketListingTest</td><td><a href="#m49">verifyDeleteTicketFunctionality</a></td><td rowspan="1">1670485797313</td><td rowspan="1">410038</td></tr><tr class="passedodd"><td><a href="#m50">verifyExpandCollapseFeature</a></td><td rowspan="1">1670484327400</td><td rowspan="1">87404</td></tr><tr class="passedodd"><td><a href="#m51">verifyFollowUpFunctionality</a></td><td rowspan="1">1670485123485</td><td rowspan="1">283041</td></tr><tr class="passedodd"><td><a href="#m52">verifyMergeButtonFunctionality</a></td><td rowspan="1">1670485406529</td><td rowspan="1">106532</td></tr><tr class="passedodd"><td><a href="#m53">verifyReplyCount</a></td><td rowspan="1">1670484863651</td><td rowspan="1">259832</td></tr><tr class="passedodd"><td><a href="#m54">verifyResetButtonFunctionality</a></td><td rowspan="1">1670483921356</td><td rowspan="1">406042</td></tr><tr class="passedodd"><td><a href="#m55">verifySearchFunctionality</a></td><td rowspan="1">1670484414806</td><td rowspan="1">357480</td></tr><tr class="passedodd"><td><a href="#m56">verifyUnassignedTicketWidget</a></td><td rowspan="1">1670484772288</td><td rowspan="1">91361</td></tr><tr class="passedodd"><td><a href="#m57">verifyUpdateTicketFunctionality</a></td><td rowspan="1">1670485513064</td><td rowspan="1">284246</td></tr><tr class="passedodd"><td><a href="#m58">verifyUrlOnClickingBreadCrumb</a></td><td rowspan="1">1670483838155</td><td rowspan="1">83198</td></tr><tr class="passedeven"><td rowspan="25">testcases.TicketingDashboardTest</td><td><a href="#m59">validateWidgetsCount</a></td><td rowspan="1">1670477014575</td><td rowspan="1">100341</td></tr><tr class="passedeven"><td><a href="#m60">verifyLastMonthByChannel</a></td><td rowspan="1">1670480397337</td><td rowspan="1">140155</td></tr><tr class="passedeven"><td><a href="#m61">verifyLastMonthFilter</a></td><td rowspan="1">1670478469831</td><td rowspan="1">146566</td></tr><tr class="passedeven"><td><a href="#m62">verifyLastMonthFilterByProduct</a></td><td rowspan="1">1670482425645</td><td rowspan="1">313075</td></tr><tr class="passedeven"><td><a href="#m63">verifyLastWeekByChannel</a></td><td rowspan="1">1670479903368</td><td rowspan="1">158119</td></tr><tr class="passedeven"><td><a href="#m64">verifyLastWeekFilter</a></td><td rowspan="1">1670477854008</td><td rowspan="1">201907</td></tr><tr class="passedeven"><td><a href="#m65">verifyLastWeekFilterByProduct</a></td><td rowspan="1">1670482065951</td><td rowspan="1">359691</td></tr><tr class="passedeven"><td><a href="#m66">verifyThisMonthFilter</a></td><td rowspan="1">1670478256149</td><td rowspan="1">213678</td></tr><tr class="passedeven"><td><a href="#m67">verifyThisMonthFilterByProduct</a></td><td rowspan="1">1670481524274</td><td rowspan="1">379170</td></tr><tr class="passedeven"><td><a href="#m68">verifyThisWeekByChannel</a></td><td rowspan="1">1670479735206</td><td rowspan="1">168157</td></tr><tr class="passedeven"><td><a href="#m69">verifyThisWeekFilter</a></td><td rowspan="1">1670478055919</td><td rowspan="1">200227</td></tr><tr class="passedeven"><td><a href="#m70">verifyThisWeekFilterByProduct</a></td><td rowspan="1">1670480959309</td><td rowspan="1">205738</td></tr><tr class="passedeven"><td><a href="#m71">verifyThisWeekFilterByResolver</a></td><td rowspan="1">1670482985635</td><td rowspan="1">479140</td></tr><tr class="passedeven"><td><a href="#m72">verifyThisWeekFilterFromCategory</a></td><td rowspan="1">1670478882162</td><td rowspan="1">154262</td></tr><tr class="passedeven"><td><a href="#m73">verifyThisYearFilter</a></td><td rowspan="1">1670477496777</td><td rowspan="1">208720</td></tr><tr class="passedeven"><td><a href="#m74">verifyThisYearFilterByProduct</a></td><td rowspan="1">1670481165051</td><td rowspan="1">359219</td></tr><tr class="passedeven"><td><a href="#m75">verifyTodayFilterByResolver</a></td><td rowspan="1">1670482738726</td><td rowspan="1">246906</td></tr><tr class="passedeven"><td><a href="#m76">verifyTodayFilterFromCategory</a></td><td rowspan="1">1670478616400</td><td rowspan="1">265758</td></tr><tr class="passedeven"><td><a href="#m77">verifyTodaysFilter</a></td><td rowspan="1">1670477114920</td><td rowspan="1">381853</td></tr><tr class="passedeven"><td><a href="#m78">verifyTodaysFilterByChannel</a></td><td rowspan="1">1670479578085</td><td rowspan="1">157117</td></tr><tr class="passedeven"><td><a href="#m79">verifyTodaysFilterByProduct</a></td><td rowspan="1">1670480537498</td><td rowspan="1">421803</td></tr><tr class="passedeven"><td><a href="#m80">verifyYesterDayFilter</a></td><td rowspan="1">1670477705500</td><td rowspan="1">148505</td></tr><tr class="passedeven"><td><a href="#m81">verifyYesterdayFilterByChannel</a></td><td rowspan="1">1670479187446</td><td rowspan="1">390635</td></tr><tr class="passedeven"><td><a href="#m82">verifyYesterdayFilterByProduct</a></td><td rowspan="1">1670481903449</td><td rowspan="1">162499</td></tr><tr class="passedeven"><td><a href="#m83">verifyYesterdayFilterFromCategory</a></td><td rowspan="1">1670479036428</td><td rowspan="1">151015</td></tr><tr class="passedodd"><td rowspan="3">testcases.TicketingGroupTest</td><td><a href="#m84">verifyAddGroup</a></td><td rowspan="1">1670483476734</td><td rowspan="1">38593</td></tr><tr class="passedodd"><td><a href="#m85">verifyCancelButton</a></td><td rowspan="1">1670483515331</td><td rowspan="1">51035</td></tr><tr class="passedodd"><td><a href="#m86">verifyNoRecordsMessage</a></td><td rowspan="1">1670483566369</td><td rowspan="1">42359</td></tr><tr class="passedeven"><td rowspan="5">testcases.TicketingServiceBoardTest</td><td><a href="#m87">verifyAddServiceBoardGroupOne</a></td><td rowspan="1">1670483648245</td><td rowspan="1">50337</td></tr><tr class="passedeven"><td><a href="#m88">verifyAddServiceBoardGroupTwo</a></td><td rowspan="1">1670483698584</td><td rowspan="1">43373</td></tr><tr class="passedeven"><td><a href="#m89">verifyCancelButtonFunctionality</a></td><td rowspan="1">1670483741959</td><td rowspan="1">45443</td></tr><tr class="passedeven"><td><a href="#m90">verifyServiceboardElements</a></td><td rowspan="1">1670483618437</td><td rowspan="1">29805</td></tr><tr class="passedeven"><td><a href="#m91">verifyUpdateServiceBoardNavigation</a></td><td rowspan="1">1670483787405</td><td rowspan="1">39837</td></tr><tr class="passedodd"><td rowspan="1">testcases.UnassignedTicketsTest</td><td><a href="#m92">verifyUnassignedTicketsCount</a></td><td rowspan="1">1670486968781</td><td rowspan="1">63571</td></tr></tbody>
</table>
<h2>Test</h2><h3 id="m0">testcases.TicketListingTest#reportWrapUp</h3><table class="result"><tr class="param"><th>Parameter #1</th><th>Parameter #2</th></tr><tr class="param stripe"><td>[TestResult name={null} status=CREATED method=TicketListingTest.verifyDraftReplyFunctionality()[pri:14, instance:testcases.TicketListingTest@1fa268de] output={null}]</td><td>public void testcases.TicketListingTest.verifyDraftReplyFunctionality()</td></tr><tr><th colspan="2">Exception</th></tr><tr><td colspan="2"><div class="stacktrace">org.openqa.selenium.TimeoutException: timeout: Timed out receiving message from renderer: 10.000
  (Session info: chrome=108.0.5359.96)
Build info: version: &apos;3.141.59&apos;, revision: &apos;e82be7d358&apos;, time: &apos;2018-11-14T08:17:03&apos;
System info: host: &apos;COG-WIN-MAC03&apos;, ip: &apos;192.168.0.167&apos;, os.name: &apos;Windows 10&apos;, os.arch: &apos;amd64&apos;, os.version: &apos;10.0&apos;, java.version: &apos;17.0.2&apos;
Driver info: org.openqa.selenium.chrome.ChromeDriver
Capabilities {acceptInsecureCerts: false, browserName: chrome, browserVersion: 108.0.5359.96, chrome: {chromedriverVersion: 107.0.5304.62 (1eec40d3a576..., userDataDir: C:\Users\aanand\AppData\Loc...}, goog:chromeOptions: {debuggerAddress: localhost:58491}, javascriptEnabled: true, networkConnectionEnabled: false, pageLoadStrategy: normal, platform: WINDOWS, platformName: WINDOWS, proxy: Proxy(), setWindowRect: true, strictFileInteractability: false, timeouts: {implicit: 0, pageLoad: 300000, script: 30000}, unhandledPromptBehavior: dismiss and notify, webauthn:extension:credBlob: true, webauthn:extension:largeBlob: true, webauthn:virtualAuthenticators: true}
Session ID: 001ff77af679af95bcbef8c4944b792e
	at org.openqa.selenium.remote.http.W3CHttpResponseCodec.createException(W3CHttpResponseCodec.java:187)
	at org.openqa.selenium.remote.http.W3CHttpResponseCodec.decode(W3CHttpResponseCodec.java:122)
	at org.openqa.selenium.remote.http.W3CHttpResponseCodec.decode(W3CHttpResponseCodec.java:49)
	at org.openqa.selenium.remote.HttpCommandExecutor.execute(HttpCommandExecutor.java:158)
	at org.openqa.selenium.remote.service.DriverCommandExecutor.execute(DriverCommandExecutor.java:83)
	at org.openqa.selenium.remote.RemoteWebDriver.execute(RemoteWebDriver.java:552)
	at org.openqa.selenium.remote.RemoteWebDriver.execute(RemoteWebDriver.java:609)
	at org.openqa.selenium.remote.RemoteWebDriver.getScreenshotAs(RemoteWebDriver.java:295)
	at utils.WebTestBase.reportWrapUp(WebTestBase.java:85)
	at java.base/java.util.ArrayList.forEach(ArrayList.java:1511)
... Removed 36 stack frames</div></td></tr></table><p class="totop"><a href="#summary">back to summary</a></p>
<h3 id="m1">testcases.TicketListingTest#reportWrapUp</h3><table class="result"><tr class="param"><th>Parameter #1</th><th>Parameter #2</th></tr><tr class="param stripe"><td>[TestResult name={null} status=CREATED method=TicketListingTest.verifyAttachmentTabFunctionality()[pri:11, instance:testcases.TicketListingTest@1fa268de] output={null}]</td><td>public void testcases.TicketListingTest.verifyAttachmentTabFunctionality()</td></tr><tr><th colspan="2">Exception</th></tr><tr><td colspan="2"><div class="stacktrace">org.openqa.selenium.TimeoutException: timeout: Timed out receiving message from renderer: 10.000
  (Session info: chrome=108.0.5359.96)
Build info: version: &apos;3.141.59&apos;, revision: &apos;e82be7d358&apos;, time: &apos;2018-11-14T08:17:03&apos;
System info: host: &apos;COG-WIN-MAC03&apos;, ip: &apos;192.168.0.167&apos;, os.name: &apos;Windows 10&apos;, os.arch: &apos;amd64&apos;, os.version: &apos;10.0&apos;, java.version: &apos;17.0.2&apos;
Driver info: org.openqa.selenium.chrome.ChromeDriver
Capabilities {acceptInsecureCerts: false, browserName: chrome, browserVersion: 108.0.5359.96, chrome: {chromedriverVersion: 107.0.5304.62 (1eec40d3a576..., userDataDir: C:\Users\aanand\AppData\Loc...}, goog:chromeOptions: {debuggerAddress: localhost:58491}, javascriptEnabled: true, networkConnectionEnabled: false, pageLoadStrategy: normal, platform: WINDOWS, platformName: WINDOWS, proxy: Proxy(), setWindowRect: true, strictFileInteractability: false, timeouts: {implicit: 0, pageLoad: 300000, script: 30000}, unhandledPromptBehavior: dismiss and notify, webauthn:extension:credBlob: true, webauthn:extension:largeBlob: true, webauthn:virtualAuthenticators: true}
Session ID: 001ff77af679af95bcbef8c4944b792e
	at org.openqa.selenium.remote.http.W3CHttpResponseCodec.createException(W3CHttpResponseCodec.java:187)
	at org.openqa.selenium.remote.http.W3CHttpResponseCodec.decode(W3CHttpResponseCodec.java:122)
	at org.openqa.selenium.remote.http.W3CHttpResponseCodec.decode(W3CHttpResponseCodec.java:49)
	at org.openqa.selenium.remote.HttpCommandExecutor.execute(HttpCommandExecutor.java:158)
	at org.openqa.selenium.remote.service.DriverCommandExecutor.execute(DriverCommandExecutor.java:83)
	at org.openqa.selenium.remote.RemoteWebDriver.execute(RemoteWebDriver.java:552)
	at org.openqa.selenium.remote.RemoteWebDriver.execute(RemoteWebDriver.java:609)
	at org.openqa.selenium.remote.RemoteWebDriver.getScreenshotAs(RemoteWebDriver.java:295)
	at utils.WebTestBase.reportWrapUp(WebTestBase.java:85)
	at java.base/java.util.ArrayList.forEach(ArrayList.java:1511)
... Removed 36 stack frames</div></td></tr></table><p class="totop"><a href="#summary">back to summary</a></p>
<h3 id="m2">testcases.TicketListingTest#reportWrapUp</h3><table class="result"><tr class="param"><th>Parameter #1</th><th>Parameter #2</th></tr><tr class="param stripe"><td>[TestResult name={null} status=CREATED method=TicketListingTest.verifyWidgetsFunctionality()[pri:12, instance:testcases.TicketListingTest@1fa268de] output={null}]</td><td>public void testcases.TicketListingTest.verifyWidgetsFunctionality()</td></tr><tr><th colspan="2">Exception</th></tr><tr><td colspan="2"><div class="stacktrace">org.openqa.selenium.TimeoutException: timeout: Timed out receiving message from renderer: 10.000
  (Session info: chrome=108.0.5359.96)
Build info: version: &apos;3.141.59&apos;, revision: &apos;e82be7d358&apos;, time: &apos;2018-11-14T08:17:03&apos;
System info: host: &apos;COG-WIN-MAC03&apos;, ip: &apos;192.168.0.167&apos;, os.name: &apos;Windows 10&apos;, os.arch: &apos;amd64&apos;, os.version: &apos;10.0&apos;, java.version: &apos;17.0.2&apos;
Driver info: org.openqa.selenium.chrome.ChromeDriver
Capabilities {acceptInsecureCerts: false, browserName: chrome, browserVersion: 108.0.5359.96, chrome: {chromedriverVersion: 107.0.5304.62 (1eec40d3a576..., userDataDir: C:\Users\aanand\AppData\Loc...}, goog:chromeOptions: {debuggerAddress: localhost:58491}, javascriptEnabled: true, networkConnectionEnabled: false, pageLoadStrategy: normal, platform: WINDOWS, platformName: WINDOWS, proxy: Proxy(), setWindowRect: true, strictFileInteractability: false, timeouts: {implicit: 0, pageLoad: 300000, script: 30000}, unhandledPromptBehavior: dismiss and notify, webauthn:extension:credBlob: true, webauthn:extension:largeBlob: true, webauthn:virtualAuthenticators: true}
Session ID: 001ff77af679af95bcbef8c4944b792e
	at org.openqa.selenium.remote.http.W3CHttpResponseCodec.createException(W3CHttpResponseCodec.java:187)
	at org.openqa.selenium.remote.http.W3CHttpResponseCodec.decode(W3CHttpResponseCodec.java:122)
	at org.openqa.selenium.remote.http.W3CHttpResponseCodec.decode(W3CHttpResponseCodec.java:49)
	at org.openqa.selenium.remote.HttpCommandExecutor.execute(HttpCommandExecutor.java:158)
	at org.openqa.selenium.remote.service.DriverCommandExecutor.execute(DriverCommandExecutor.java:83)
	at org.openqa.selenium.remote.RemoteWebDriver.execute(RemoteWebDriver.java:552)
	at org.openqa.selenium.remote.RemoteWebDriver.execute(RemoteWebDriver.java:609)
	at org.openqa.selenium.remote.RemoteWebDriver.getScreenshotAs(RemoteWebDriver.java:295)
	at utils.WebTestBase.reportWrapUp(WebTestBase.java:85)
	at java.base/java.util.ArrayList.forEach(ArrayList.java:1511)
... Removed 36 stack frames</div></td></tr></table><p class="totop"><a href="#summary">back to summary</a></p>
<h3 id="m3">testcases.TicketListingTest#reportWrapUp</h3><table class="result"><tr class="param"><th>Parameter #1</th><th>Parameter #2</th></tr><tr class="param stripe"><td>[TestResult name={null} status=CREATED method=TicketListingTest.verifyCannedReplyFunctionality()[pri:13, instance:testcases.TicketListingTest@1fa268de] output={null}]</td><td>public void testcases.TicketListingTest.verifyCannedReplyFunctionality()</td></tr><tr><th colspan="2">Exception</th></tr><tr><td colspan="2"><div class="stacktrace">org.openqa.selenium.TimeoutException: timeout: Timed out receiving message from renderer: 10.000
  (Session info: chrome=108.0.5359.96)
Build info: version: &apos;3.141.59&apos;, revision: &apos;e82be7d358&apos;, time: &apos;2018-11-14T08:17:03&apos;
System info: host: &apos;COG-WIN-MAC03&apos;, ip: &apos;192.168.0.167&apos;, os.name: &apos;Windows 10&apos;, os.arch: &apos;amd64&apos;, os.version: &apos;10.0&apos;, java.version: &apos;17.0.2&apos;
Driver info: org.openqa.selenium.chrome.ChromeDriver
Capabilities {acceptInsecureCerts: false, browserName: chrome, browserVersion: 108.0.5359.96, chrome: {chromedriverVersion: 107.0.5304.62 (1eec40d3a576..., userDataDir: C:\Users\aanand\AppData\Loc...}, goog:chromeOptions: {debuggerAddress: localhost:58491}, javascriptEnabled: true, networkConnectionEnabled: false, pageLoadStrategy: normal, platform: WINDOWS, platformName: WINDOWS, proxy: Proxy(), setWindowRect: true, strictFileInteractability: false, timeouts: {implicit: 0, pageLoad: 300000, script: 30000}, unhandledPromptBehavior: dismiss and notify, webauthn:extension:credBlob: true, webauthn:extension:largeBlob: true, webauthn:virtualAuthenticators: true}
Session ID: 001ff77af679af95bcbef8c4944b792e
	at org.openqa.selenium.remote.http.W3CHttpResponseCodec.createException(W3CHttpResponseCodec.java:187)
	at org.openqa.selenium.remote.http.W3CHttpResponseCodec.decode(W3CHttpResponseCodec.java:122)
	at org.openqa.selenium.remote.http.W3CHttpResponseCodec.decode(W3CHttpResponseCodec.java:49)
	at org.openqa.selenium.remote.HttpCommandExecutor.execute(HttpCommandExecutor.java:158)
	at org.openqa.selenium.remote.service.DriverCommandExecutor.execute(DriverCommandExecutor.java:83)
	at org.openqa.selenium.remote.RemoteWebDriver.execute(RemoteWebDriver.java:552)
	at org.openqa.selenium.remote.RemoteWebDriver.execute(RemoteWebDriver.java:609)
	at org.openqa.selenium.remote.RemoteWebDriver.getScreenshotAs(RemoteWebDriver.java:295)
	at utils.WebTestBase.reportWrapUp(WebTestBase.java:85)
	at java.base/java.util.ArrayList.forEach(ArrayList.java:1511)
... Removed 36 stack frames</div></td></tr></table><p class="totop"><a href="#summary">back to summary</a></p>
<h3 id="m4">testcases.TicketListingTest#reportWrapUp</h3><table class="result"><tr class="param"><th>Parameter #1</th><th>Parameter #2</th></tr><tr class="param stripe"><td>[TestResult name=verifyNotesFunctionality status=FAILURE method=TicketListingTest.verifyNotesFunctionality()[pri:10, instance:testcases.TicketListingTest@1fa268de] output={null}]</td><td>public void testcases.TicketListingTest.verifyNotesFunctionality()</td></tr><tr><th colspan="2">Exception</th></tr><tr><td colspan="2"><div class="stacktrace">org.openqa.selenium.TimeoutException: timeout: Timed out receiving message from renderer: 10.000
  (Session info: chrome=108.0.5359.96)
Build info: version: &apos;3.141.59&apos;, revision: &apos;e82be7d358&apos;, time: &apos;2018-11-14T08:17:03&apos;
System info: host: &apos;COG-WIN-MAC03&apos;, ip: &apos;192.168.0.167&apos;, os.name: &apos;Windows 10&apos;, os.arch: &apos;amd64&apos;, os.version: &apos;10.0&apos;, java.version: &apos;17.0.2&apos;
Driver info: org.openqa.selenium.chrome.ChromeDriver
Capabilities {acceptInsecureCerts: false, browserName: chrome, browserVersion: 108.0.5359.96, chrome: {chromedriverVersion: 107.0.5304.62 (1eec40d3a576..., userDataDir: C:\Users\aanand\AppData\Loc...}, goog:chromeOptions: {debuggerAddress: localhost:58491}, javascriptEnabled: true, networkConnectionEnabled: false, pageLoadStrategy: normal, platform: WINDOWS, platformName: WINDOWS, proxy: Proxy(), setWindowRect: true, strictFileInteractability: false, timeouts: {implicit: 0, pageLoad: 300000, script: 30000}, unhandledPromptBehavior: dismiss and notify, webauthn:extension:credBlob: true, webauthn:extension:largeBlob: true, webauthn:virtualAuthenticators: true}
Session ID: 001ff77af679af95bcbef8c4944b792e
	at org.openqa.selenium.remote.http.W3CHttpResponseCodec.createException(W3CHttpResponseCodec.java:187)
	at org.openqa.selenium.remote.http.W3CHttpResponseCodec.decode(W3CHttpResponseCodec.java:122)
	at org.openqa.selenium.remote.http.W3CHttpResponseCodec.decode(W3CHttpResponseCodec.java:49)
	at org.openqa.selenium.remote.HttpCommandExecutor.execute(HttpCommandExecutor.java:158)
	at org.openqa.selenium.remote.service.DriverCommandExecutor.execute(DriverCommandExecutor.java:83)
	at org.openqa.selenium.remote.RemoteWebDriver.execute(RemoteWebDriver.java:552)
	at org.openqa.selenium.remote.RemoteWebDriver.execute(RemoteWebDriver.java:609)
	at org.openqa.selenium.remote.RemoteWebDriver.getScreenshotAs(RemoteWebDriver.java:295)
	at utils.WebTestBase.reportWrapUp(WebTestBase.java:85)
	at java.base/java.util.ArrayList.forEach(ArrayList.java:1511)
... Removed 36 stack frames</div></td></tr></table><p class="totop"><a href="#summary">back to summary</a></p>
<h3 id="m5">testcases.SLATest#verifyAddSLA</h3><table class="result"><tr><th>Messages</th></tr><tr><td><div class="messages">Policy checkbox clicked</div></td></tr><tr><th>Exception</th></tr><tr><td><div class="stacktrace">java.lang.AssertionError: java.lang.NullPointerException: Cannot invoke &quot;org.openqa.selenium.WebElement.clear()&quot; because &quot;element&quot; is null
	at utils.WebBasePage.enter(WebBasePage.java:64)
	at pageobjects.SLAPage.searchPolicyName(SLAPage.java:35)
	at action.SLAAction.searchPolicy(SLAAction.java:25)
	at testcases.SLATest.verifyAddSLA(SLATest.java:33)
	at java.base/java.util.ArrayList.forEach(ArrayList.java:1511)
... Removed 28 stack frames</div></td></tr></table><p class="totop"><a href="#summary">back to summary</a></p>
<h3 id="m6">testcases.TicketListingTest#verifyNotesFunctionality</h3><table class="result"><tr><th>Exception</th></tr><tr><td><div class="stacktrace">org.openqa.selenium.TimeoutException: timeout: Timed out receiving message from renderer: 10.000
  (Session info: chrome=108.0.5359.96)
Build info: version: &apos;3.141.59&apos;, revision: &apos;e82be7d358&apos;, time: &apos;2018-11-14T08:17:03&apos;
System info: host: &apos;COG-WIN-MAC03&apos;, ip: &apos;192.168.0.167&apos;, os.name: &apos;Windows 10&apos;, os.arch: &apos;amd64&apos;, os.version: &apos;10.0&apos;, java.version: &apos;17.0.2&apos;
Driver info: org.openqa.selenium.chrome.ChromeDriver
Capabilities {acceptInsecureCerts: false, browserName: chrome, browserVersion: 108.0.5359.96, chrome: {chromedriverVersion: 107.0.5304.62 (1eec40d3a576..., userDataDir: C:\Users\aanand\AppData\Loc...}, goog:chromeOptions: {debuggerAddress: localhost:58491}, javascriptEnabled: true, networkConnectionEnabled: false, pageLoadStrategy: normal, platform: WINDOWS, platformName: WINDOWS, proxy: Proxy(), setWindowRect: true, strictFileInteractability: false, timeouts: {implicit: 0, pageLoad: 300000, script: 30000}, unhandledPromptBehavior: dismiss and notify, webauthn:extension:credBlob: true, webauthn:extension:largeBlob: true, webauthn:virtualAuthenticators: true}
Session ID: 001ff77af679af95bcbef8c4944b792e
	at org.openqa.selenium.remote.http.W3CHttpResponseCodec.createException(W3CHttpResponseCodec.java:187)
	at org.openqa.selenium.remote.http.W3CHttpResponseCodec.decode(W3CHttpResponseCodec.java:122)
	at org.openqa.selenium.remote.http.W3CHttpResponseCodec.decode(W3CHttpResponseCodec.java:49)
	at org.openqa.selenium.remote.HttpCommandExecutor.execute(HttpCommandExecutor.java:158)
	at org.openqa.selenium.remote.service.DriverCommandExecutor.execute(DriverCommandExecutor.java:83)
	at org.openqa.selenium.remote.RemoteWebDriver.execute(RemoteWebDriver.java:552)
	at org.openqa.selenium.remote.RemoteWebDriver.execute(RemoteWebDriver.java:609)
	at org.openqa.selenium.remote.RemoteWebDriver.getScreenshotAs(RemoteWebDriver.java:295)
	at utils.WebBasePage.takeScreenshot(WebBasePage.java:249)
	at utils.WebBasePage.enter(WebBasePage.java:62)
	at pageobjects.UserLoginPage.enterUserName(UserLoginPage.java:77)
	at pageobjects.UserLoginPage.forcefulLogOutLogin(UserLoginPage.java:123)
	at action.LoginAction.logoutLogin(LoginAction.java:26)
	at testcases.TicketListingTest.verifyNotesFunctionality(TicketListingTest.java:201)
	at java.base/java.util.ArrayList.forEach(ArrayList.java:1511)
... Removed 32 stack frames</div></td></tr></table><p class="totop"><a href="#summary">back to summary</a></p>
<h3 id="m7">testcases.TicketSummaryReportTest#verifySearchTicket</h3><table class="result"><tr><th>Exception</th></tr><tr><td><div class="stacktrace">java.lang.AssertionError: org.openqa.selenium.NoSuchElementException: no such element: Unable to locate element: {&quot;method&quot;:&quot;xpath&quot;,&quot;selector&quot;:&quot;//table/tbody/tr[4]/td/div&quot;}
  (Session info: chrome=108.0.5359.96)
For documentation on this error, please visit: https://www.seleniumhq.org/exceptions/no_such_element.html
Build info: version: &apos;3.141.59&apos;, revision: &apos;e82be7d358&apos;, time: &apos;2018-11-14T08:17:03&apos;
System info: host: &apos;COG-WIN-MAC03&apos;, ip: &apos;192.168.0.167&apos;, os.name: &apos;Windows 10&apos;, os.arch: &apos;amd64&apos;, os.version: &apos;10.0&apos;, java.version: &apos;17.0.2&apos;
Driver info: org.openqa.selenium.chrome.ChromeDriver
Capabilities {acceptInsecureCerts: false, browserName: chrome, browserVersion: 108.0.5359.96, chrome: {chromedriverVersion: 107.0.5304.62 (1eec40d3a576..., userDataDir: C:\Users\aanand\AppData\Loc...}, goog:chromeOptions: {debuggerAddress: localhost:59017}, javascriptEnabled: true, networkConnectionEnabled: false, pageLoadStrategy: normal, platform: WINDOWS, platformName: WINDOWS, proxy: Proxy(), setWindowRect: true, strictFileInteractability: false, timeouts: {implicit: 0, pageLoad: 300000, script: 30000}, unhandledPromptBehavior: dismiss and notify, webauthn:extension:credBlob: true, webauthn:extension:largeBlob: true, webauthn:virtualAuthenticators: true}
Session ID: 7f2bad0701d8481433cb94c4db995d6e
*** Element info: {Using=xpath, value=//table/tbody/tr[4]/td/div}
	at utils.WebBasePage.gettextByJSexecuter(WebBasePage.java:320)
	at pageobjects.TicketSummaryReportPage.ticketNoTextFromSearch(TicketSummaryReportPage.java:87)
	at action.TicketSummaryReportAction.validateSearchedValues(TicketSummaryReportAction.java:46)
	at testcases.TicketSummaryReportTest.verifySearchTicket(TicketSummaryReportTest.java:37)
	at java.base/java.util.ArrayList.forEach(ArrayList.java:1511)
... Removed 28 stack frames</div></td></tr></table><p class="totop"><a href="#summary">back to summary</a></p>
<h3 id="m8">testcases.TicketingDashboardTest#verifyReportsValidation</h3><table class="result"><tr><th>Exception</th></tr><tr><td><div class="stacktrace">java.lang.AssertionError: Save -  element not clikabke
	at utils.WebBasePage.click(WebBasePage.java:91)
	at pageobjects.TicketingDashboardPage.clickSaveButton(TicketingDashboardPage.java:156)
	at pageobjects.TicketingDashboardPage.selectAllReports(TicketingDashboardPage.java:161)
	at action.TicketingDashboardAction.validateReportsValidation(TicketingDashboardAction.java:40)
	at testcases.TicketingDashboardTest.verifyReportsValidation(TicketingDashboardTest.java:26)
	at java.base/java.util.ArrayList.forEach(ArrayList.java:1511)
... Removed 28 stack frames</div></td></tr></table><p class="totop"><a href="#summary">back to summary</a></p>
<h3 id="m9">testcases.TicketingDashboardTest#verifyThisMonthByChannel</h3><table class="result"><tr><th>Exception</th></tr><tr><td><div class="stacktrace">java.lang.AssertionError: java.lang.NullPointerException: Cannot invoke &quot;org.openqa.selenium.WebElement.clear()&quot; because &quot;element&quot; is null
	at utils.WebBasePage.enter(WebBasePage.java:64)
	at pageobjects.UserLoginPage.enterUserName(UserLoginPage.java:77)
	at pageobjects.UserLoginPage.forcefulLogOutLogin(UserLoginPage.java:123)
	at action.LoginAction.logoutLogin(LoginAction.java:26)
	at testcases.TicketingDashboardTest.verifyThisMonthByChannel(TicketingDashboardTest.java:460)
	at java.base/java.util.ArrayList.forEach(ArrayList.java:1511)
... Removed 28 stack frames</div></td></tr></table><p class="totop"><a href="#summary">back to summary</a></p>
<h3 id="m10">testcases.TicketListingTest#beforeMethod</h3><table class="result"><tr><th class="invisible"/></tr></table><p class="totop"><a href="#summary">back to summary</a></p>
<h3 id="m11">testcases.TicketListingTest#beforeMethod</h3><table class="result"><tr><th class="invisible"/></tr></table><p class="totop"><a href="#summary">back to summary</a></p>
<h3 id="m12">testcases.TicketListingTest#beforeMethod</h3><table class="result"><tr><th class="invisible"/></tr></table><p class="totop"><a href="#summary">back to summary</a></p>
<h3 id="m13">testcases.TicketListingTest#beforeMethod</h3><table class="result"><tr><th class="invisible"/></tr></table><p class="totop"><a href="#summary">back to summary</a></p>
<h3 id="m14">testcases.TicketListingTest#verifyAttachmentTabFunctionality</h3><table class="result"><tr><th>Exception</th></tr><tr><td><div class="stacktrace">org.openqa.selenium.TimeoutException: timeout: Timed out receiving message from renderer: 10.000
  (Session info: chrome=108.0.5359.96)
Build info: version: &apos;3.141.59&apos;, revision: &apos;e82be7d358&apos;, time: &apos;2018-11-14T08:17:03&apos;
System info: host: &apos;COG-WIN-MAC03&apos;, ip: &apos;192.168.0.167&apos;, os.name: &apos;Windows 10&apos;, os.arch: &apos;amd64&apos;, os.version: &apos;10.0&apos;, java.version: &apos;17.0.2&apos;
Driver info: org.openqa.selenium.chrome.ChromeDriver
Capabilities {acceptInsecureCerts: false, browserName: chrome, browserVersion: 108.0.5359.96, chrome: {chromedriverVersion: 107.0.5304.62 (1eec40d3a576..., userDataDir: C:\Users\aanand\AppData\Loc...}, goog:chromeOptions: {debuggerAddress: localhost:58491}, javascriptEnabled: true, networkConnectionEnabled: false, pageLoadStrategy: normal, platform: WINDOWS, platformName: WINDOWS, proxy: Proxy(), setWindowRect: true, strictFileInteractability: false, timeouts: {implicit: 0, pageLoad: 300000, script: 30000}, unhandledPromptBehavior: dismiss and notify, webauthn:extension:credBlob: true, webauthn:extension:largeBlob: true, webauthn:virtualAuthenticators: true}
Session ID: 001ff77af679af95bcbef8c4944b792e
	at org.openqa.selenium.remote.http.W3CHttpResponseCodec.createException(W3CHttpResponseCodec.java:187)
	at org.openqa.selenium.remote.http.W3CHttpResponseCodec.decode(W3CHttpResponseCodec.java:122)
	at org.openqa.selenium.remote.http.W3CHttpResponseCodec.decode(W3CHttpResponseCodec.java:49)
	at org.openqa.selenium.remote.HttpCommandExecutor.execute(HttpCommandExecutor.java:158)
	at org.openqa.selenium.remote.service.DriverCommandExecutor.execute(DriverCommandExecutor.java:83)
	at org.openqa.selenium.remote.RemoteWebDriver.execute(RemoteWebDriver.java:552)
	at org.openqa.selenium.remote.RemoteWebDriver.execute(RemoteWebDriver.java:609)
	at org.openqa.selenium.remote.RemoteWebDriver.getScreenshotAs(RemoteWebDriver.java:295)
	at utils.WebTestBase.reportWrapUp(WebTestBase.java:85)
	at java.base/java.util.ArrayList.forEach(ArrayList.java:1511)
... Removed 36 stack frames</div></td></tr></table><p class="totop"><a href="#summary">back to summary</a></p>
<h3 id="m15">testcases.TicketListingTest#verifyCannedReplyFunctionality</h3><table class="result"><tr><th>Exception</th></tr><tr><td><div class="stacktrace">org.openqa.selenium.TimeoutException: timeout: Timed out receiving message from renderer: 10.000
  (Session info: chrome=108.0.5359.96)
Build info: version: &apos;3.141.59&apos;, revision: &apos;e82be7d358&apos;, time: &apos;2018-11-14T08:17:03&apos;
System info: host: &apos;COG-WIN-MAC03&apos;, ip: &apos;192.168.0.167&apos;, os.name: &apos;Windows 10&apos;, os.arch: &apos;amd64&apos;, os.version: &apos;10.0&apos;, java.version: &apos;17.0.2&apos;
Driver info: org.openqa.selenium.chrome.ChromeDriver
Capabilities {acceptInsecureCerts: false, browserName: chrome, browserVersion: 108.0.5359.96, chrome: {chromedriverVersion: 107.0.5304.62 (1eec40d3a576..., userDataDir: C:\Users\aanand\AppData\Loc...}, goog:chromeOptions: {debuggerAddress: localhost:58491}, javascriptEnabled: true, networkConnectionEnabled: false, pageLoadStrategy: normal, platform: WINDOWS, platformName: WINDOWS, proxy: Proxy(), setWindowRect: true, strictFileInteractability: false, timeouts: {implicit: 0, pageLoad: 300000, script: 30000}, unhandledPromptBehavior: dismiss and notify, webauthn:extension:credBlob: true, webauthn:extension:largeBlob: true, webauthn:virtualAuthenticators: true}
Session ID: 001ff77af679af95bcbef8c4944b792e
	at org.openqa.selenium.remote.http.W3CHttpResponseCodec.createException(W3CHttpResponseCodec.java:187)
	at org.openqa.selenium.remote.http.W3CHttpResponseCodec.decode(W3CHttpResponseCodec.java:122)
	at org.openqa.selenium.remote.http.W3CHttpResponseCodec.decode(W3CHttpResponseCodec.java:49)
	at org.openqa.selenium.remote.HttpCommandExecutor.execute(HttpCommandExecutor.java:158)
	at org.openqa.selenium.remote.service.DriverCommandExecutor.execute(DriverCommandExecutor.java:83)
	at org.openqa.selenium.remote.RemoteWebDriver.execute(RemoteWebDriver.java:552)
	at org.openqa.selenium.remote.RemoteWebDriver.execute(RemoteWebDriver.java:609)
	at org.openqa.selenium.remote.RemoteWebDriver.getScreenshotAs(RemoteWebDriver.java:295)
	at utils.WebTestBase.reportWrapUp(WebTestBase.java:85)
	at java.base/java.util.ArrayList.forEach(ArrayList.java:1511)
... Removed 36 stack frames</div></td></tr></table><p class="totop"><a href="#summary">back to summary</a></p>
<h3 id="m16">testcases.TicketListingTest#verifyDraftReplyFunctionality</h3><table class="result"><tr><th>Exception</th></tr><tr><td><div class="stacktrace">org.openqa.selenium.TimeoutException: timeout: Timed out receiving message from renderer: 10.000
  (Session info: chrome=108.0.5359.96)
Build info: version: &apos;3.141.59&apos;, revision: &apos;e82be7d358&apos;, time: &apos;2018-11-14T08:17:03&apos;
System info: host: &apos;COG-WIN-MAC03&apos;, ip: &apos;192.168.0.167&apos;, os.name: &apos;Windows 10&apos;, os.arch: &apos;amd64&apos;, os.version: &apos;10.0&apos;, java.version: &apos;17.0.2&apos;
Driver info: org.openqa.selenium.chrome.ChromeDriver
Capabilities {acceptInsecureCerts: false, browserName: chrome, browserVersion: 108.0.5359.96, chrome: {chromedriverVersion: 107.0.5304.62 (1eec40d3a576..., userDataDir: C:\Users\aanand\AppData\Loc...}, goog:chromeOptions: {debuggerAddress: localhost:58491}, javascriptEnabled: true, networkConnectionEnabled: false, pageLoadStrategy: normal, platform: WINDOWS, platformName: WINDOWS, proxy: Proxy(), setWindowRect: true, strictFileInteractability: false, timeouts: {implicit: 0, pageLoad: 300000, script: 30000}, unhandledPromptBehavior: dismiss and notify, webauthn:extension:credBlob: true, webauthn:extension:largeBlob: true, webauthn:virtualAuthenticators: true}
Session ID: 001ff77af679af95bcbef8c4944b792e
	at org.openqa.selenium.remote.http.W3CHttpResponseCodec.createException(W3CHttpResponseCodec.java:187)
	at org.openqa.selenium.remote.http.W3CHttpResponseCodec.decode(W3CHttpResponseCodec.java:122)
	at org.openqa.selenium.remote.http.W3CHttpResponseCodec.decode(W3CHttpResponseCodec.java:49)
	at org.openqa.selenium.remote.HttpCommandExecutor.execute(HttpCommandExecutor.java:158)
	at org.openqa.selenium.remote.service.DriverCommandExecutor.execute(DriverCommandExecutor.java:83)
	at org.openqa.selenium.remote.RemoteWebDriver.execute(RemoteWebDriver.java:552)
	at org.openqa.selenium.remote.RemoteWebDriver.execute(RemoteWebDriver.java:609)
	at org.openqa.selenium.remote.RemoteWebDriver.getScreenshotAs(RemoteWebDriver.java:295)
	at utils.WebTestBase.reportWrapUp(WebTestBase.java:85)
	at java.base/java.util.ArrayList.forEach(ArrayList.java:1511)
... Removed 36 stack frames</div></td></tr></table><p class="totop"><a href="#summary">back to summary</a></p>
<h3 id="m17">testcases.TicketListingTest#verifyWidgetsFunctionality</h3><table class="result"><tr><th>Exception</th></tr><tr><td><div class="stacktrace">org.openqa.selenium.TimeoutException: timeout: Timed out receiving message from renderer: 10.000
  (Session info: chrome=108.0.5359.96)
Build info: version: &apos;3.141.59&apos;, revision: &apos;e82be7d358&apos;, time: &apos;2018-11-14T08:17:03&apos;
System info: host: &apos;COG-WIN-MAC03&apos;, ip: &apos;192.168.0.167&apos;, os.name: &apos;Windows 10&apos;, os.arch: &apos;amd64&apos;, os.version: &apos;10.0&apos;, java.version: &apos;17.0.2&apos;
Driver info: org.openqa.selenium.chrome.ChromeDriver
Capabilities {acceptInsecureCerts: false, browserName: chrome, browserVersion: 108.0.5359.96, chrome: {chromedriverVersion: 107.0.5304.62 (1eec40d3a576..., userDataDir: C:\Users\aanand\AppData\Loc...}, goog:chromeOptions: {debuggerAddress: localhost:58491}, javascriptEnabled: true, networkConnectionEnabled: false, pageLoadStrategy: normal, platform: WINDOWS, platformName: WINDOWS, proxy: Proxy(), setWindowRect: true, strictFileInteractability: false, timeouts: {implicit: 0, pageLoad: 300000, script: 30000}, unhandledPromptBehavior: dismiss and notify, webauthn:extension:credBlob: true, webauthn:extension:largeBlob: true, webauthn:virtualAuthenticators: true}
Session ID: 001ff77af679af95bcbef8c4944b792e
	at org.openqa.selenium.remote.http.W3CHttpResponseCodec.createException(W3CHttpResponseCodec.java:187)
	at org.openqa.selenium.remote.http.W3CHttpResponseCodec.decode(W3CHttpResponseCodec.java:122)
	at org.openqa.selenium.remote.http.W3CHttpResponseCodec.decode(W3CHttpResponseCodec.java:49)
	at org.openqa.selenium.remote.HttpCommandExecutor.execute(HttpCommandExecutor.java:158)
	at org.openqa.selenium.remote.service.DriverCommandExecutor.execute(DriverCommandExecutor.java:83)
	at org.openqa.selenium.remote.RemoteWebDriver.execute(RemoteWebDriver.java:552)
	at org.openqa.selenium.remote.RemoteWebDriver.execute(RemoteWebDriver.java:609)
	at org.openqa.selenium.remote.RemoteWebDriver.getScreenshotAs(RemoteWebDriver.java:295)
	at utils.WebTestBase.reportWrapUp(WebTestBase.java:85)
	at java.base/java.util.ArrayList.forEach(ArrayList.java:1511)
... Removed 36 stack frames</div></td></tr></table><p class="totop"><a href="#summary">back to summary</a></p>
<h3 id="m18">testcases.AddSLA#addTicketForSLA</h3><table class="result"><tr><th>Messages</th></tr><tr><td><div class="messages">Policy checkbox clicked</div></td></tr></table><p class="totop"><a href="#summary">back to summary</a></p>
<h3 id="m19">testcases.AddTicketTest#addOwnTickets</h3><table class="result"><tr><th class="invisible"/></tr></table><p class="totop"><a href="#summary">back to summary</a></p>
<h3 id="m20">testcases.AddTicketTest#addTicket</h3><table class="result"><tr><th class="invisible"/></tr></table><p class="totop"><a href="#summary">back to summary</a></p>
<h3 id="m21">testcases.AddTicketTest#checkAddMoreFunctionality</h3><table class="result"><tr><th class="invisible"/></tr></table><p class="totop"><a href="#summary">back to summary</a></p>
<h3 id="m22">testcases.AddTicketTest#verifyAssignToDeptDropDown</h3><table class="result"><tr><th class="invisible"/></tr></table><p class="totop"><a href="#summary">back to summary</a></p>
<h3 id="m23">testcases.AddTicketTest#verifyCharctersInDescriptionField</h3><table class="result"><tr><th class="invisible"/></tr></table><p class="totop"><a href="#summary">back to summary</a></p>
<h3 id="m24">testcases.AddTicketTest#verifyFontOfUserGuide</h3><table class="result"><tr><th class="invisible"/></tr></table><p class="totop"><a href="#summary">back to summary</a></p>
<h3 id="m25">testcases.AddTicketTest#verifyNoValidations</h3><table class="result"><tr><th class="invisible"/></tr></table><p class="totop"><a href="#summary">back to summary</a></p>
<h3 id="m26">testcases.AddTicketTest#verifyPriorityDeptDropDown</h3><table class="result"><tr><th class="invisible"/></tr></table><p class="totop"><a href="#summary">back to summary</a></p>
<h3 id="m27">testcases.AddTicketTest#verifyProductDropDown</h3><table class="result"><tr><th class="invisible"/></tr></table><p class="totop"><a href="#summary">back to summary</a></p>
<h3 id="m28">testcases.AddTicketTest#verifyTicketCategoryDropdown</h3><table class="result"><tr><th class="invisible"/></tr></table><p class="totop"><a href="#summary">back to summary</a></p>
<h3 id="m29">testcases.AddTicketTest#verifyTicketForRadioButtons</h3><table class="result"><tr><th class="invisible"/></tr></table><p class="totop"><a href="#summary">back to summary</a></p>
<h3 id="m30">testcases.AddTicketTest#verifyTwoRadioButtons</h3><table class="result"><tr><th class="invisible"/></tr></table><p class="totop"><a href="#summary">back to summary</a></p>
<h3 id="m31">testcases.AddTicketTest#verifyValidationForEmptyUser</h3><table class="result"><tr><th class="invisible"/></tr></table><p class="totop"><a href="#summary">back to summary</a></p>
<h3 id="m32">testcases.AddTicketTest#verifyValidationOnClientsField</h3><table class="result"><tr><th class="invisible"/></tr></table><p class="totop"><a href="#summary">back to summary</a></p>
<h3 id="m33">testcases.AddTicketTest#verifyValidations</h3><table class="result"><tr><th class="invisible"/></tr></table><p class="totop"><a href="#summary">back to summary</a></p>
<h3 id="m34">testcases.SLATest#VerifyCharactersValidation</h3><table class="result"><tr><th>Messages</th></tr><tr><td><div class="messages">Policy checkbox clicked</div></td></tr></table><p class="totop"><a href="#summary">back to summary</a></p>
<h3 id="m35">testcases.SLATest#verifyBooleanFunctionality</h3><table class="result"><tr><th>Messages</th></tr><tr><td><div class="messages">Policy checkbox clicked</div></td></tr></table><p class="totop"><a href="#summary">back to summary</a></p>
<h3 id="m36">testcases.SLATest#verifyBooleanSaveButtonFunctionality</h3><table class="result"><tr><th>Messages</th></tr><tr><td><div class="messages">Policy checkbox clicked</div></td></tr></table><p class="totop"><a href="#summary">back to summary</a></p>
<h3 id="m37">testcases.SLATest#verifyClientCategoryFunctionality</h3><table class="result"><tr><th>Messages</th></tr><tr><td><div class="messages">Policy checkbox clicked</div></td></tr></table><p class="totop"><a href="#summary">back to summary</a></p>
<h3 id="m38">testcases.SLATest#verifyDeleteButtonFunctionality</h3><table class="result"><tr><th>Messages</th></tr><tr><td><div class="messages">Policy checkbox clicked</div></td></tr></table><p class="totop"><a href="#summary">back to summary</a></p>
<h3 id="m39">testcases.SLATest#verifyDepartmentCategoryFunctionality</h3><table class="result"><tr><th>Messages</th></tr><tr><td><div class="messages">Policy checkbox clicked</div></td></tr></table><p class="totop"><a href="#summary">back to summary</a></p>
<h3 id="m40">testcases.SLATest#verifyMandatoryValidation</h3><table class="result"><tr><th>Messages</th></tr><tr><td><div class="messages">Policy checkbox clicked</div></td></tr></table><p class="totop"><a href="#summary">back to summary</a></p>
<h3 id="m41">testcases.SLATest#verifyPolicyDatePickerFunctionality</h3><table class="result"><tr><th class="invisible"/></tr></table><p class="totop"><a href="#summary">back to summary</a></p>
<h3 id="m42">testcases.SLATest#verifyProductCategoryFunctionality</h3><table class="result"><tr><th>Messages</th></tr><tr><td><div class="messages">Policy checkbox clicked</div></td></tr></table><p class="totop"><a href="#summary">back to summary</a></p>
<h3 id="m43">testcases.SLATest#verifyRadioButtonsFunctionality</h3><table class="result"><tr><th class="invisible"/></tr></table><p class="totop"><a href="#summary">back to summary</a></p>
<h3 id="m44">testcases.SLATest#verifyResolveTimeValidations</h3><table class="result"><tr><th>Messages</th></tr><tr><td><div class="messages">Policy checkbox clicked</div></td></tr></table><p class="totop"><a href="#summary">back to summary</a></p>
<h3 id="m45">testcases.SLATest#verifyResponseTimeValidations</h3><table class="result"><tr><th>Messages</th></tr><tr><td><div class="messages">Policy checkbox clicked</div></td></tr></table><p class="totop"><a href="#summary">back to summary</a></p>
<h3 id="m46">testcases.TicketDetailReportTest#verifySearchTicket</h3><table class="result"><tr><th class="invisible"/></tr></table><p class="totop"><a href="#summary">back to summary</a></p>
<h3 id="m47">testcases.TicketGroupListingTest#verifyResetFunctionality</h3><table class="result"><tr><th class="invisible"/></tr></table><p class="totop"><a href="#summary">back to summary</a></p>
<h3 id="m48">testcases.TicketGroupListingTest#verifySearchFunctionality</h3><table class="result"><tr><th class="invisible"/></tr></table><p class="totop"><a href="#summary">back to summary</a></p>
<h3 id="m49">testcases.TicketListingTest#verifyDeleteTicketFunctionality</h3><table class="result"><tr><th class="invisible"/></tr></table><p class="totop"><a href="#summary">back to summary</a></p>
<h3 id="m50">testcases.TicketListingTest#verifyExpandCollapseFeature</h3><table class="result"><tr><th class="invisible"/></tr></table><p class="totop"><a href="#summary">back to summary</a></p>
<h3 id="m51">testcases.TicketListingTest#verifyFollowUpFunctionality</h3><table class="result"><tr><th class="invisible"/></tr></table><p class="totop"><a href="#summary">back to summary</a></p>
<h3 id="m52">testcases.TicketListingTest#verifyMergeButtonFunctionality</h3><table class="result"><tr><th class="invisible"/></tr></table><p class="totop"><a href="#summary">back to summary</a></p>
<h3 id="m53">testcases.TicketListingTest#verifyReplyCount</h3><table class="result"><tr><th class="invisible"/></tr></table><p class="totop"><a href="#summary">back to summary</a></p>
<h3 id="m54">testcases.TicketListingTest#verifyResetButtonFunctionality</h3><table class="result"><tr><th class="invisible"/></tr></table><p class="totop"><a href="#summary">back to summary</a></p>
<h3 id="m55">testcases.TicketListingTest#verifySearchFunctionality</h3><table class="result"><tr><th class="invisible"/></tr></table><p class="totop"><a href="#summary">back to summary</a></p>
<h3 id="m56">testcases.TicketListingTest#verifyUnassignedTicketWidget</h3><table class="result"><tr><th class="invisible"/></tr></table><p class="totop"><a href="#summary">back to summary</a></p>
<h3 id="m57">testcases.TicketListingTest#verifyUpdateTicketFunctionality</h3><table class="result"><tr><th class="invisible"/></tr></table><p class="totop"><a href="#summary">back to summary</a></p>
<h3 id="m58">testcases.TicketListingTest#verifyUrlOnClickingBreadCrumb</h3><table class="result"><tr><th class="invisible"/></tr></table><p class="totop"><a href="#summary">back to summary</a></p>
<h3 id="m59">testcases.TicketingDashboardTest#validateWidgetsCount</h3><table class="result"><tr><th class="invisible"/></tr></table><p class="totop"><a href="#summary">back to summary</a></p>
<h3 id="m60">testcases.TicketingDashboardTest#verifyLastMonthByChannel</h3><table class="result"><tr><th class="invisible"/></tr></table><p class="totop"><a href="#summary">back to summary</a></p>
<h3 id="m61">testcases.TicketingDashboardTest#verifyLastMonthFilter</h3><table class="result"><tr><th class="invisible"/></tr></table><p class="totop"><a href="#summary">back to summary</a></p>
<h3 id="m62">testcases.TicketingDashboardTest#verifyLastMonthFilterByProduct</h3><table class="result"><tr><th class="invisible"/></tr></table><p class="totop"><a href="#summary">back to summary</a></p>
<h3 id="m63">testcases.TicketingDashboardTest#verifyLastWeekByChannel</h3><table class="result"><tr><th class="invisible"/></tr></table><p class="totop"><a href="#summary">back to summary</a></p>
<h3 id="m64">testcases.TicketingDashboardTest#verifyLastWeekFilter</h3><table class="result"><tr><th class="invisible"/></tr></table><p class="totop"><a href="#summary">back to summary</a></p>
<h3 id="m65">testcases.TicketingDashboardTest#verifyLastWeekFilterByProduct</h3><table class="result"><tr><th class="invisible"/></tr></table><p class="totop"><a href="#summary">back to summary</a></p>
<h3 id="m66">testcases.TicketingDashboardTest#verifyThisMonthFilter</h3><table class="result"><tr><th class="invisible"/></tr></table><p class="totop"><a href="#summary">back to summary</a></p>
<h3 id="m67">testcases.TicketingDashboardTest#verifyThisMonthFilterByProduct</h3><table class="result"><tr><th class="invisible"/></tr></table><p class="totop"><a href="#summary">back to summary</a></p>
<h3 id="m68">testcases.TicketingDashboardTest#verifyThisWeekByChannel</h3><table class="result"><tr><th class="invisible"/></tr></table><p class="totop"><a href="#summary">back to summary</a></p>
<h3 id="m69">testcases.TicketingDashboardTest#verifyThisWeekFilter</h3><table class="result"><tr><th class="invisible"/></tr></table><p class="totop"><a href="#summary">back to summary</a></p>
<h3 id="m70">testcases.TicketingDashboardTest#verifyThisWeekFilterByProduct</h3><table class="result"><tr><th class="invisible"/></tr></table><p class="totop"><a href="#summary">back to summary</a></p>
<h3 id="m71">testcases.TicketingDashboardTest#verifyThisWeekFilterByResolver</h3><table class="result"><tr><th class="invisible"/></tr></table><p class="totop"><a href="#summary">back to summary</a></p>
<h3 id="m72">testcases.TicketingDashboardTest#verifyThisWeekFilterFromCategory</h3><table class="result"><tr><th class="invisible"/></tr></table><p class="totop"><a href="#summary">back to summary</a></p>
<h3 id="m73">testcases.TicketingDashboardTest#verifyThisYearFilter</h3><table class="result"><tr><th class="invisible"/></tr></table><p class="totop"><a href="#summary">back to summary</a></p>
<h3 id="m74">testcases.TicketingDashboardTest#verifyThisYearFilterByProduct</h3><table class="result"><tr><th class="invisible"/></tr></table><p class="totop"><a href="#summary">back to summary</a></p>
<h3 id="m75">testcases.TicketingDashboardTest#verifyTodayFilterByResolver</h3><table class="result"><tr><th class="invisible"/></tr></table><p class="totop"><a href="#summary">back to summary</a></p>
<h3 id="m76">testcases.TicketingDashboardTest#verifyTodayFilterFromCategory</h3><table class="result"><tr><th class="invisible"/></tr></table><p class="totop"><a href="#summary">back to summary</a></p>
<h3 id="m77">testcases.TicketingDashboardTest#verifyTodaysFilter</h3><table class="result"><tr><th class="invisible"/></tr></table><p class="totop"><a href="#summary">back to summary</a></p>
<h3 id="m78">testcases.TicketingDashboardTest#verifyTodaysFilterByChannel</h3><table class="result"><tr><th class="invisible"/></tr></table><p class="totop"><a href="#summary">back to summary</a></p>
<h3 id="m79">testcases.TicketingDashboardTest#verifyTodaysFilterByProduct</h3><table class="result"><tr><th class="invisible"/></tr></table><p class="totop"><a href="#summary">back to summary</a></p>
<h3 id="m80">testcases.TicketingDashboardTest#verifyYesterDayFilter</h3><table class="result"><tr><th class="invisible"/></tr></table><p class="totop"><a href="#summary">back to summary</a></p>
<h3 id="m81">testcases.TicketingDashboardTest#verifyYesterdayFilterByChannel</h3><table class="result"><tr><th class="invisible"/></tr></table><p class="totop"><a href="#summary">back to summary</a></p>
<h3 id="m82">testcases.TicketingDashboardTest#verifyYesterdayFilterByProduct</h3><table class="result"><tr><th class="invisible"/></tr></table><p class="totop"><a href="#summary">back to summary</a></p>
<h3 id="m83">testcases.TicketingDashboardTest#verifyYesterdayFilterFromCategory</h3><table class="result"><tr><th class="invisible"/></tr></table><p class="totop"><a href="#summary">back to summary</a></p>
<h3 id="m84">testcases.TicketingGroupTest#verifyAddGroup</h3><table class="result"><tr><th class="invisible"/></tr></table><p class="totop"><a href="#summary">back to summary</a></p>
<h3 id="m85">testcases.TicketingGroupTest#verifyCancelButton</h3><table class="result"><tr><th class="invisible"/></tr></table><p class="totop"><a href="#summary">back to summary</a></p>
<h3 id="m86">testcases.TicketingGroupTest#verifyNoRecordsMessage</h3><table class="result"><tr><th class="invisible"/></tr></table><p class="totop"><a href="#summary">back to summary</a></p>
<h3 id="m87">testcases.TicketingServiceBoardTest#verifyAddServiceBoardGroupOne</h3><table class="result"><tr><th class="invisible"/></tr></table><p class="totop"><a href="#summary">back to summary</a></p>
<h3 id="m88">testcases.TicketingServiceBoardTest#verifyAddServiceBoardGroupTwo</h3><table class="result"><tr><th class="invisible"/></tr></table><p class="totop"><a href="#summary">back to summary</a></p>
<h3 id="m89">testcases.TicketingServiceBoardTest#verifyCancelButtonFunctionality</h3><table class="result"><tr><th class="invisible"/></tr></table><p class="totop"><a href="#summary">back to summary</a></p>
<h3 id="m90">testcases.TicketingServiceBoardTest#verifyServiceboardElements</h3><table class="result"><tr><th class="invisible"/></tr></table><p class="totop"><a href="#summary">back to summary</a></p>
<h3 id="m91">testcases.TicketingServiceBoardTest#verifyUpdateServiceBoardNavigation</h3><table class="result"><tr><th class="invisible"/></tr></table><p class="totop"><a href="#summary">back to summary</a></p>
<h3 id="m92">testcases.UnassignedTicketsTest#verifyUnassignedTicketsCount</h3><table class="result"><tr><th class="invisible"/></tr></table><p class="totop"><a href="#summary">back to summary</a></p>
</body>
</html>
