<?xml version="1.0" encoding="UTF-8"?>
<!-- Generated by org.testng.reporters.JUnitReportReporter -->
<testsuite hostname="COG-WIN-MAC03" failures="1" tests="15" name="testcases.AddTicketTest" time="962.156" errors="0" timestamp="2023-08-11T23:58:26 IST" skipped="0">
  <testcase classname="testcases.AddTicketTest" name="verifyAssignToDeptDropDown" time="67.677"/>
  <system-out/>
  <testcase classname="testcases.AddTicketTest" name="verifyTicketCategoryDropdown" time="63.541"/>
  <system-out/>
  <testcase classname="testcases.AddTicketTest" name="verifyPriorityDeptDropDown" time="63.497"/>
  <system-out/>
  <testcase classname="testcases.AddTicketTest" name="verifyValidations" time="66.750"/>
  <system-out/>
  <testcase classname="testcases.AddTicketTest" name="verifyTicketForRadioButtons" time="59.367"/>
  <system-out/>
  <testcase classname="testcases.AddTicketTest" name="verifyProductDropDown" time="61.281"/>
  <system-out/>
  <testcase classname="testcases.AddTicketTest" name="verifyNoValidations" time="57.518"/>
  <system-out/>
  <testcase classname="testcases.AddTicketTest" name="verifyTwoRadioButtons" time="67.021"/>
  <system-out/>
  <testcase classname="testcases.AddTicketTest" name="addOwnTickets" time="37.342">
    <failure message="java.lang.NullPointerException: Cannot invoke &quot;org.openqa.selenium.WebElement.clear()&quot; because &quot;element&quot; is null" type="java.lang.AssertionError">
      <![CDATA[java.lang.AssertionError: java.lang.NullPointerException: Cannot invoke "org.openqa.selenium.WebElement.clear()" because "element" is null
at org.testng.Assert.fail(Assert.java:99)
at utils.WebBasePage.enter(WebBasePage.java:64)
at pageobjects.UserLoginPage.enterUserName(UserLoginPage.java:77)
at pageobjects.UserLoginPage.forcefulLogOutLogin(UserLoginPage.java:123)
at action.LoginAction.logoutLogin(LoginAction.java:26)
at testcases.AddTicketTest.addOwnTickets(AddTicketTest.java:128)
at java.base/jdk.internal.reflect.NativeMethodAccessorImpl.invoke0(Native Method)
at java.base/jdk.internal.reflect.NativeMethodAccessorImpl.invoke(NativeMethodAccessorImpl.java:77)
at java.base/jdk.internal.reflect.DelegatingMethodAccessorImpl.invoke(DelegatingMethodAccessorImpl.java:43)
at java.base/java.lang.reflect.Method.invoke(Method.java:568)
at org.testng.internal.MethodInvocationHelper.invokeMethod(MethodInvocationHelper.java:133)
at org.testng.internal.TestInvoker.invokeMethod(TestInvoker.java:598)
at org.testng.internal.TestInvoker.invokeTestMethod(TestInvoker.java:173)
at org.testng.internal.MethodRunner.runInSequence(MethodRunner.java:46)
at org.testng.internal.TestInvoker$MethodInvocationAgent.invoke(TestInvoker.java:824)
at org.testng.internal.TestInvoker.invokeTestMethods(TestInvoker.java:146)
at org.testng.internal.TestMethodWorker.invokeTestMethods(TestMethodWorker.java:146)
at org.testng.internal.TestMethodWorker.run(TestMethodWorker.java:128)
at java.base/java.util.ArrayList.forEach(ArrayList.java:1511)
at org.testng.TestRunner.privateRun(TestRunner.java:794)
at org.testng.TestRunner.run(TestRunner.java:596)
at org.testng.SuiteRunner.runTest(SuiteRunner.java:377)
at org.testng.SuiteRunner.runSequentially(SuiteRunner.java:371)
at org.testng.SuiteRunner.privateRun(SuiteRunner.java:332)
at org.testng.SuiteRunner.run(SuiteRunner.java:276)
at org.testng.SuiteRunnerWorker.runSuite(SuiteRunnerWorker.java:53)
at org.testng.SuiteRunnerWorker.run(SuiteRunnerWorker.java:96)
at org.testng.TestNG.runSuitesSequentially(TestNG.java:1212)
at org.testng.TestNG.runSuitesLocally(TestNG.java:1134)
at org.testng.TestNG.runSuites(TestNG.java:1063)
at org.testng.TestNG.run(TestNG.java:1031)
at org.testng.remote.AbstractRemoteTestNG.run(AbstractRemoteTestNG.java:115)
at org.testng.remote.RemoteTestNG.initAndRun(RemoteTestNG.java:251)
at org.testng.remote.RemoteTestNG.main(RemoteTestNG.java:77)
]]>
    </failure>
  </testcase> <!-- addOwnTickets -->
  <system-out/>
  <testcase classname="testcases.AddTicketTest" name="verifyValidationForEmptyUser" time="70.466"/>
  <system-out/>
  <testcase classname="testcases.AddTicketTest" name="verifyValidationOnClientsField" time="55.177"/>
  <system-out/>
  <testcase classname="testcases.AddTicketTest" name="checkAddMoreFunctionality" time="58.486"/>
  <system-out/>
  <testcase classname="testcases.AddTicketTest" name="verifyCharctersInDescriptionField" time="85.680"/>
  <system-out/>
  <testcase classname="testcases.AddTicketTest" name="verifyFontOfUserGuide" time="47.904"/>
  <system-out/>
  <testcase classname="testcases.AddTicketTest" name="addTicket" time="100.449"/>
  <system-out/>
</testsuite> <!-- testcases.AddTicketTest -->
